Log file open, 09/08/17 17:52:21
LogInit:Display: Running engine for game: Building_Escape2
LogPlatformFile: Not using cached read wrapper
LogInit:Display: RandInit(1471838051) SRandInit(1471838051).
LogTaskGraph: Started task graph with 5 named threads and 8 total threads with 1 sets of task threads.
LogStats: Stats thread started at 0.100398
LogInit: Using libcurl 7.47.1
LogInit:  - built for x86_64-pc-win32
LogInit:  - supports SSL with OpenSSL/1.0.2g
LogInit:  - supports HTTP deflate (compression) using libz 1.2.8
LogInit:  - other features:
LogInit:      CURL_VERSION_SSL
LogInit:      CURL_VERSION_LIBZ
LogInit:      CURL_VERSION_IPV6
LogInit:      CURL_VERSION_ASYNCHDNS
LogInit:      CURL_VERSION_LARGEFILE
LogInit:      CURL_VERSION_IDN
LogInit:  CurlRequestOptions (configurable via config and command line):
LogInit:  - bVerifyPeer = false  - Libcurl will NOT verify peer certificate
LogInit:  - bUseHttpProxy = false  - Libcurl will NOT use HTTP proxy
LogInit:  - bDontReuseConnections = false  - Libcurl will reuse connections
LogInit:  - CertBundlePath = nullptr  - Libcurl will use whatever was configured at build time.
LogInit: Build: ++UE4+Release-4.16-CL-3561208
LogInit: Engine Version: 4.16.3-3561208+++UE4+Release-4.16
LogInit: Compatible Engine Version: 4.16.0-3452394+++UE4+Release-4.16
LogInit: Net CL: 3452394
LogDevObjectVersion: Number of dev versions registered: 16
LogDevObjectVersion:   Dev-Blueprints (B0D832E4-1F89-4F0D-ACCF-7EB736FD4AA2): 9
LogDevObjectVersion:   Dev-Build (E1C64328-A22C-4D53-A36C-8E866417BD8C): 0
LogDevObjectVersion:   Dev-Core (375EC13C-06E4-48FB-B500-84F0262A717E): 2
LogDevObjectVersion:   Dev-Editor (E4B068ED-F494-42E9-A231-DA0B2E46BB41): 17
LogDevObjectVersion:   Dev-Framework (CFFC743F-43B0-4480-9391-14DF171D2073): 23
LogDevObjectVersion:   Dev-Mobile (B02B49B5-BB20-44E9-A304-32B752E40360): 0
LogDevObjectVersion:   Dev-Networking (A4E4105C-59A1-49B5-A7C5-40C4547EDFEE): 0
LogDevObjectVersion:   Dev-Online (39C831C9-5AE6-47DC-9A44-9C173E1C8E7C): 0
LogDevObjectVersion:   Dev-Physics (78F01B33-EBEA-4F98-B9B4-84EACCB95AA2): 0
LogDevObjectVersion:   Dev-Platform (6631380F-2D4D-43E0-8009-CF276956A95A): 0
LogDevObjectVersion:   Dev-Rendering (12F88B9F-8875-4AFC-A67C-D90C383ABD29): 15
LogDevObjectVersion:   Dev-Sequencer (7B5AE74C-D270-4C10-A958-57980B212A5A): 4
LogDevObjectVersion:   Dev-VR (D7296918-1DD6-4BDD-9DE2-64A83CC13884): 0
LogDevObjectVersion:   Dev-LoadTimes (C2A15278-BFE7-4AFE-6C17-90FF531DF755): 1
LogDevObjectVersion:   Private-Geometry (6EACA3D4-40EC-4CC1-B786-8BED09428FC5): 1
LogDevObjectVersion:   Dev-AnimPhys (29E575DD-E0A3-4627-9D10-D276232CDCEA): 3
LogInit: Compiled (64-bit): Jul 28 2017 11:49:47
LogInit: Compiled with Visual C++: 19.00.24215.01
LogInit: Build Configuration: Development
LogInit: Branch Name: ++UE4+Release-4.16
LogInit: Command line:  
LogInit: Base directory: C:/Program Files/Epic Games/UE_4.16/Engine/Binaries/Win64/
LogInit: Installed Engine Build: 1
LogInit: Presizing for max 8388607 objects, including 0 objects not considered by GC, pre-allocating 0 bytes for permanent pool.
LogInit: Object subsystem initialized
[2017.09.08-16.52.22:181][  0]LogInit: Selected Device Profile: [Windows]
[2017.09.08-16.52.22:181][  0]LogInit: Applying CVar settings loaded from the selected device profile: [Windows]
[2017.09.08-16.52.22:205][  0]LogInit: Computer: VALTA
[2017.09.08-16.52.22:205][  0]LogInit: User: Ozan
[2017.09.08-16.52.22:205][  0]LogInit: CPU Page size=4096, Cores=4
[2017.09.08-16.52.22:205][  0]LogInit: High frequency timer resolution =3.421331 MHz
[2017.09.08-16.52.22:205][  0]LogMemory: Memory total: Physical=16.0GB (16GB approx)
[2017.09.08-16.52.22:205][  0]LogMemory: Platform Memory Stats for Windows
[2017.09.08-16.52.22:205][  0]LogMemory: Process Physical Memory: 273.63 MB used, 273.63 MB peak
[2017.09.08-16.52.22:205][  0]LogMemory: Process Virtual Memory: 263.30 MB used, 263.30 MB peak
[2017.09.08-16.52.22:205][  0]LogMemory: Physical Memory: 10098.94 MB used,  6245.43 MB free, 16344.36 MB total
[2017.09.08-16.52.22:205][  0]LogMemory: Virtual Memory: 640.70 MB used,  6245.43 MB free, 134217728.00 MB total
[2017.09.08-16.52.22:313][  0]LogInit: Using OS detected language (en-GB).
[2017.09.08-16.52.22:313][  0]LogInit: Using OS detected locale (en-GB).
[2017.09.08-16.52.22:317][  0]LogTextLocalizationManager: No specific localization for 'en-GB' exists, so the 'en' localization will be used.
[2017.09.08-16.52.23:592][  0]LogD3D11RHI: D3D11 adapters:
[2017.09.08-16.52.24:148][  0]LogD3D11RHI:    0. 'NVIDIA GeForce GTX 780' (Feature Level 11_0)
[2017.09.08-16.52.24:148][  0]LogD3D11RHI:       3039/0/8172 MB DedicatedVideo/DedicatedSystem/SharedSystem, Outputs:2, VendorId:0x10de
[2017.09.08-16.52.24:151][  0]LogD3D11RHI:    1. 'Microsoft Basic Render Driver' (Feature Level 11_0)
[2017.09.08-16.52.24:151][  0]LogD3D11RHI:       0/0/8172 MB DedicatedVideo/DedicatedSystem/SharedSystem, Outputs:0, VendorId:0x1414
[2017.09.08-16.52.24:151][  0]LogD3D11RHI: Chosen D3D11 Adapter: 0
[2017.09.08-16.52.24:197][  0]LogD3D11RHI: Creating new Direct3DDevice
[2017.09.08-16.52.24:197][  0]LogD3D11RHI:     GPU DeviceId: 0x1004 (for the marketing name, search the web for "GPU Device Id")
[2017.09.08-16.52.24:197][  0]LogWindows: EnumDisplayDevices:
[2017.09.08-16.52.24:197][  0]LogWindows:    0. 'NVIDIA GeForce GTX 780' (P:1 D:1)
[2017.09.08-16.52.24:197][  0]LogWindows:    1. 'NVIDIA GeForce GTX 780' (P:0 D:1)
[2017.09.08-16.52.24:197][  0]LogWindows:    2. 'NVIDIA GeForce GTX 780' (P:0 D:0)
[2017.09.08-16.52.24:197][  0]LogWindows:    3. 'NVIDIA GeForce GTX 780' (P:0 D:0)
[2017.09.08-16.52.24:198][  0]LogWindows: DebugString: FoundDriverCount:4 
[2017.09.08-16.52.24:198][  0]LogD3D11RHI:     Adapter Name: NVIDIA GeForce GTX 780
[2017.09.08-16.52.24:198][  0]LogD3D11RHI:   Driver Version: 376.53 (internal:21.21.13.7653, unified:376.53)
[2017.09.08-16.52.24:198][  0]LogD3D11RHI:      Driver Date: 12-29-2016
[2017.09.08-16.52.24:198][  0]LogRHI: Texture pool is 1361 MB (70% of 1945 MB)
[2017.09.08-16.52.24:648][  0]LogD3D11RHI: Async texture creation enabled
[2017.09.08-16.52.24:690][  0]LogD3D11RHI: GPU Timing Frequency: 1000.000000 (Debug: 2 2)
[2017.09.08-16.52.24:787][  0]LogShaderCompilers: Guid format shader working directory is -53 characters bigger than the processId version (E:/Documents/Developer Projects/Repositories/Unreal Section 3 - Building Escape/Building_Escape2/Intermediate/Shaders/WorkingDirectory/293228/).
[2017.09.08-16.52.24:787][  0]LogShaderCompilers: Cleaned the shader compiler working directory 'C:/Users/Ozan/AppData/Local/Temp/UnrealShaderWorkingDir/53AF18384100EAE193A969A3D00FFB9A/'.
[2017.09.08-16.52.24:787][  0]LogShaderCompilers:Display: Using Local Shader Compiler.
[2017.09.08-16.52.26:253][  0]LogTemp:Display: Loaded TP AllDesktopTargetPlatform
[2017.09.08-16.52.26:327][  0]LogTemp:Display: Loaded TP MacClientTargetPlatform
[2017.09.08-16.52.26:401][  0]LogTemp:Display: Loaded TP MacNoEditorTargetPlatform
[2017.09.08-16.52.26:483][  0]LogTemp:Display: Loaded TP MacServerTargetPlatform
[2017.09.08-16.52.26:564][  0]LogTemp:Display: Loaded TP MacTargetPlatform
[2017.09.08-16.52.26:636][  0]LogTemp:Display: Loaded TP WindowsClientTargetPlatform
[2017.09.08-16.52.26:709][  0]LogTemp:Display: Loaded TP WindowsNoEditorTargetPlatform
[2017.09.08-16.52.26:778][  0]LogTemp:Display: Loaded TP WindowsServerTargetPlatform
[2017.09.08-16.52.26:844][  0]LogTemp:Display: Loaded TP WindowsTargetPlatform
[2017.09.08-16.52.26:914][  0]LogTemp:Display: Loaded TP AndroidTargetPlatform
[2017.09.08-16.52.26:984][  0]LogTemp:Display: Loaded TP Android_ASTCTargetPlatform
[2017.09.08-16.52.27:058][  0]LogTemp:Display: Loaded TP Android_ATCTargetPlatform
[2017.09.08-16.52.27:131][  0]LogTemp:Display: Loaded TP Android_DXTTargetPlatform
[2017.09.08-16.52.27:203][  0]LogTemp:Display: Loaded TP Android_ETC1TargetPlatform
[2017.09.08-16.52.27:284][  0]LogTemp:Display: Loaded TP Android_ETC2TargetPlatform
[2017.09.08-16.52.27:431][  0]LogTemp:Display: Loaded TP Android_MultiTargetPlatform
[2017.09.08-16.52.27:431][  0]LogTemp:Display: Loaded TP Android_PVRTCTargetPlatform
[2017.09.08-16.52.27:489][  0]LogTemp:Display: Loaded TP HTML5TargetPlatform
[2017.09.08-16.52.27:612][  0]LogTemp:Display: Loaded TP IOSTargetPlatform
[2017.09.08-16.52.27:651][  0]LogTemp:Display: Loaded TP TVOSTargetPlatform
[2017.09.08-16.52.27:719][  0]LogTemp:Display: Loaded TP LinuxClientTargetPlatform
[2017.09.08-16.52.27:788][  0]LogTemp:Display: Loaded TP LinuxNoEditorTargetPlatform
[2017.09.08-16.52.27:859][  0]LogTemp:Display: Loaded TP LinuxServerTargetPlatform
[2017.09.08-16.52.27:930][  0]LogTemp:Display: Loaded TP LinuxTargetPlatform
[2017.09.08-16.52.27:930][  0]LogTargetPlatformManager:Display: Building Assets For Windows
[2017.09.08-16.52.29:145][  0]LogDerivedDataCache:Display: Max Cache Size: 512 MB
[2017.09.08-16.52.29:597][  0]LogDerivedDataCache: Loaded boot cache 0.45s 90MB C:/Users/Ozan/AppData/Local/UnrealEngine/4.16/DerivedDataCache/Boot.ddc.
[2017.09.08-16.52.29:652][  0]LogDerivedDataCache:Display: Loaded Boot cache: C:/Users/Ozan/AppData/Local/UnrealEngine/4.16/DerivedDataCache/Boot.ddc
[2017.09.08-16.52.29:652][  0]LogDerivedDataCache: FDerivedDataBackendGraph:  Pak pak cache file E:/Documents/Developer Projects/Repositories/Unreal Section 3 - Building Escape/Building_Escape2/DerivedDataCache/DDC.ddp not found, will not use a pak cache.
[2017.09.08-16.52.29:652][  0]LogDerivedDataCache: Unable to find inner node Pak for hierarchical cache Hierarchy.
[2017.09.08-16.52.29:652][  0]LogDerivedDataCache: FDerivedDataBackendGraph:  CompressedPak pak cache file E:/Documents/Developer Projects/Repositories/Unreal Section 3 - Building Escape/Building_Escape2/DerivedDataCache/Compressed.ddp not found, will not use a pak cache.
[2017.09.08-16.52.29:652][  0]LogDerivedDataCache: Unable to find inner node CompressedPak for hierarchical cache Hierarchy.
[2017.09.08-16.52.29:682][  0]LogDerivedDataCache:Display: Pak cache opened for reading ../../../Engine/DerivedDataCache/Compressed.ddp.
[2017.09.08-16.52.29:697][  0]LogDerivedDataCache: Using Local data cache path C:/Users/Ozan/AppData/Local/UnrealEngine/Common/DerivedDataCache: Writable
[2017.09.08-16.52.29:709][  0]LogMaterial: Verifying Global Shaders for PCD3D_SM5
[2017.09.08-16.52.29:710][  0]LogSlate: Using Freetype 2.6.0
[2017.09.08-16.52.29:710][  0]LogSlate: SlateFontCache - WITH_FREETYPE: 1, WITH_HARFBUZZ: 1
[2017.09.08-16.52.29:710][  0]LogSlate: SlateFontCache - WITH_FREETYPE: 1, WITH_HARFBUZZ: 1
[2017.09.08-16.52.31:639][  0]LogInit: Selected Device Profile: [Windows]
[2017.09.08-16.52.32:129][  0]LogContentStreaming: Texture pool size is 0.00 MB
[2017.09.08-16.52.32:571][  0]LogMeshUtilities: Using QuadricMeshReduction for automatic static mesh reduction
[2017.09.08-16.52.32:656][  0]LogSimplygon: Simplygon DLL not present - disabling.
[2017.09.08-16.52.32:765][  0]LogMeshUtilities: Using SimplygonSwarm for distributed automatic mesh merging
[2017.09.08-16.52.32:765][  0]LogMeshUtilities: No automatic skeletal mesh reduction module available
[2017.09.08-16.52.32:765][  0]LogMeshUtilities: No automatic mesh merging module available
[2017.09.08-16.52.33:801][  0]LogNetVersion: Building_Escape2 , NetCL: 3452394, EngineNetVer: 2, GameNetVer: 0 (Checksum: 2348500920)
[2017.09.08-16.52.33:977][  0]LogAssetRegistry: FAssetRegistry took 0.0352 seconds to start up
[2017.09.08-16.52.34:111][  0]LogPackageLocalizationCache: Processed 4 localized package path(s) for 2 prioritized culture(s) in 0.071955 seconds
[2017.09.08-16.52.34:121][  0]LogUObjectArray: 34194 objects as part of root set at end of initial load.
[2017.09.08-16.52.34:121][  0]LogUObjectAllocator: 7260424 out of 0 bytes used by permanent object pool.
[2017.09.08-16.52.34:121][  0]LogUObjectArray: CloseDisregardForGC: 0/0 objects in disregard for GC pool
[2017.09.08-16.52.34:256][  0]LogInit: WinSock: version 1.1 (2.2), MaxSocks=32767, MaxUdp=65467
[2017.09.08-16.52.41:108][  0]LogTcpMessaging: Initializing TcpMessaging bridge
[2017.09.08-16.52.41:308][  0]LogUdpMessaging: Initializing bridge on interface 0.0.0.0:0 to multicast group 230.0.0.1:6666.
[2017.09.08-16.52.43:878][  0]LogMaterial: Uniform references updated for custom material expression Custom.
[2017.09.08-16.52.45:324][  0]SourceControl: Info Source control is disabled
[2017.09.08-16.52.45:512][  0]SourceControl: Info Source control is disabled
[2017.09.08-16.52.45:741][  0]SourceControl: Info Source control is disabled
[2017.09.08-16.52.45:877][  0]SourceControl: Info Source control is disabled
[2017.09.08-16.52.48:456][  0]LogAndroidPermission: UAndroidPermissionCallbackProxy::GetInstance
[2017.09.08-16.52.50:742][  0]LogEngine: Initializing Engine...
[2017.09.08-16.52.50:743][  0]LogHMD: Failed to initialize OpenVR with code 110
[2017.09.08-16.52.51:435][  0]LogStats: UGameplayTagsManager::ConstructGameplayTagTree: Construct from data asset -  0.000 s
[2017.09.08-16.52.51:435][  0]LogStats: UGameplayTagsManager::ConstructGameplayTagTree: GameplayTagTreeChangedEvent.Broadcast -  0.000 s
[2017.09.08-16.52.52:032][  0]LogAIModule: Creating AISystem for world Untitled
[2017.09.08-16.52.52:099][  0]LogInit: XAudio2 using 'Speakers (ASUS Xonar Xense Audio Device)' : 2 channels at 44.1 kHz using 16 bits per sample (channel mask 0x3)
[2017.09.08-16.52.52:158][  0]LogInit: FAudioDevice initialized.
[2017.09.08-16.52.52:273][  0]LogDerivedDataCache: Saved boot cache 0.11s 90MB C:/Users/Ozan/AppData/Local/UnrealEngine/4.16/DerivedDataCache/Boot.ddc.
[2017.09.08-16.52.52:284][  0]LogInit: Texture streaming: Enabled
[2017.09.08-16.52.52:562][  0]LogEngineSessionManager: EngineSessionManager initialized
[2017.09.08-16.52.52:563][  0]LogEngineSessionManager: EngineSessionManager sent abnormal shutdown report. Type=Crashed, SessionId={009AECB8-49BE-B2EF-4C98-B5A139446A02}
[2017.09.08-16.52.53:446][  0]LogInit: Transaction tracking system initialized
[2017.09.08-16.52.54:553][  0]BlueprintLog: New page: Editor Load
[2017.09.08-16.52.57:502][  0]LocalizationService: Info Localization service is disabled
[2017.09.08-16.52.59:595][  0]LogConsoleResponse:Display: 
[2017.09.08-16.53.00:411][  0]LogCook:Display: Max memory allowance for cook 16384mb min free memory 0mb
[2017.09.08-16.53.00:411][  0]LogCook:Display: Mobile HDR setting 1
[2017.09.08-16.53.01:234][  0]LogFileCache: Scanning file cache for directory 'E:/Documents/Developer Projects/Repositories/Unreal Section 3 - Building Escape/Building_Escape2/Content/' took 0.02s
[2017.09.08-16.53.04:216][  0]SourceControl: Info Source control is disabled
[2017.09.08-16.53.04:216][  0]Cmd: MAP LOAD FILE="E:/Documents/Developer Projects/Repositories/Unreal Section 3 - Building Escape/Building_Escape2/Content/NewMap.umap" TEMPLATE=0 SHOWPROGRESS=1 FEATURELEVEL=3
[2017.09.08-16.53.04:219][  0]LightingResults: New page: Lighting Build
[2017.09.08-16.53.04:339][  0]MapCheck: New page: Map Check
[2017.09.08-16.53.04:339][  0]LightingResults: New page: Lighting Build
[2017.09.08-16.53.05:715][  0]LogAIModule: Creating AISystem for world NewMap
[2017.09.08-16.53.05:755][  0]LogEditorServer: Finished looking for orphan Actors (0.000 secs)
[2017.09.08-16.53.05:784][  0]Cmd: MAP CHECKDEP NOCLEARLOG
[2017.09.08-16.53.06:153][  0]MapCheck: Info Map check complete: 0 Error(s), 0 Warning(s), took 369.118ms to complete.
[2017.09.08-16.53.06:154][  0]LogFileHelpers: Loading map 'NewMap' took 1.938
[2017.09.08-16.53.06:496][  0]LogCollectionManager: Loaded 0 collections in 0.002207 seconds
[2017.09.08-16.53.06:653][  0]LogFileCache: Scanning file cache for directory 'E:/Documents/Developer Projects/Repositories/Unreal Section 3 - Building Escape/Building_Escape2/Saved/Collections/' took 0.01s
[2017.09.08-16.53.06:653][  0]LogFileCache: Scanning file cache for directory 'E:/Documents/Developer Projects/Repositories/Unreal Section 3 - Building Escape/Building_Escape2/Content/Developers/Ozan/Collections/' took 0.01s
[2017.09.08-16.53.06:653][  0]LogFileCache: Scanning file cache for directory 'E:/Documents/Developer Projects/Repositories/Unreal Section 3 - Building Escape/Building_Escape2/Content/Collections/' took 0.01s
[2017.09.08-16.53.06:653][  0]LogCollectionManager: Rebuilt the GUID cache for 0 collections in 0.000002 seconds
[2017.09.08-16.53.06:671][  0]LogContentBrowser: Native class hierarchy populated in 0.0180 seconds. Added 2333 classes and 493 folders.
[2017.09.08-16.53.06:833][  0]LogContentBrowser: Native class hierarchy updated for 'WidgetCarousel' in 0.0044 seconds. Added 0 classes and 0 folders.
[2017.09.08-16.53.07:055][  0]LogContentBrowser: Native class hierarchy updated for 'AddContentDialog' in 0.0033 seconds. Added 0 classes and 0 folders.
[2017.09.08-16.53.07:180][  0]LogContentBrowser: Native class hierarchy updated for 'SceneOutliner' in 0.0054 seconds. Added 1 classes and 2 folders.
[2017.09.08-16.53.07:260][  0]LogCrashTracker: Crashtracker disabled due to settings.
[2017.09.08-16.53.07:268][  0]LogSlate: Took 0.000978 seconds to synchronously load lazily loaded font '../../../Engine/Content/Slate/Fonts/Roboto-Regular.ttf' (155K)
[2017.09.08-16.53.07:272][  0]LogSlate: Took 0.000973 seconds to synchronously load lazily loaded font '../../../Engine/Content/Slate/Fonts/Roboto-Bold.ttf' (160K)
[2017.09.08-16.53.07:284][  0]LogSlate: Took 0.002119 seconds to synchronously load lazily loaded font '../../../Engine/Content/Editor/Slate/Fonts/FontAwesome.ttf' (139K)
[2017.09.08-16.53.07:479][  0]LogRenderer: Reallocating scene render targets to support 1668x852 NumSamples 1 (Frame:1).
[2017.09.08-16.53.07:894][  0]LogUObjectGlobals:Warning: Failed to find object 'Class None.'
[2017.09.08-16.53.08:077][  0]LogContentBrowser: Native class hierarchy updated for 'HierarchicalLODOutliner' in 0.0043 seconds. Added 1 classes and 2 folders.
[2017.09.08-16.53.08:077][  0]LogLoad: (Engine Initialization) Total time: 49.35 seconds
[2017.09.08-16.53.08:077][  0]LogLoad: (Engine Initialization) Total Blueprint compile time: 0.30 seconds
[2017.09.08-16.53.08:077][  0]LogExternalProfiler: Found external profiler: VSPerf
[2017.09.08-16.53.08:077][  0]LogExternalProfiler: Using external profiler: VSPerf
[2017.09.08-16.53.08:418][  0]LogOcInput: OculusInput pre-init called
[2017.09.08-16.53.08:419][  0]LogHMD: Starting GearVRController plugin
[2017.09.08-16.53.08:444][  0]LogContentStreaming: Texture pool size now 1000 MB
[2017.09.08-16.53.09:417][  3]LogAssetRegistry: Asset discovery search completed in 35.4661 seconds
[2017.09.08-16.53.09:422][  3]LogCollectionManager: Rebuilt the object cache for 0 collections in 0.000001 seconds (found 0 objects)
[2017.09.08-16.53.09:422][  3]LogCollectionManager: Fixed up redirectors for 0 collections in 0.000108 seconds (updated 0 objects)
[2017.09.08-16.54.19:010][312]Candidate modules for hot reload:
[2017.09.08-16.54.19:010][312]  Building_Escape2
[2017.09.08-16.54.19:011][312]Launching UnrealBuildTool... [C:/Program Files/Epic Games/UE_4.16/Engine/Binaries/DotNET/UnrealBuildTool.exe Building_Escape2 -ModuleWithSuffix Building_Escape2 629 Win64 Development -editorrecompile -canskiplink "E:/Documents/Developer Projects/Repositories/Unreal Section 3 - Building Escape/Building_Escape2/Building_Escape2.uproject" ]
[2017.09.08-16.54.19:018][312]Warning: Starting HotReload took  0.1s.
[2017.09.08-16.55.36:283][677]CompilerResultsLog: New page: Compilation - 8 Sep 2017 18:55:36
[2017.09.08-16.55.36:310][677]CompilerResultsLog: Info Compiling game modules for hot reload
[2017.09.08-16.55.36:310][677]CompilerResultsLog: Info Parsing headers for Building_Escape2Editor
[2017.09.08-16.55.36:310][677]CompilerResultsLog: Info   Running UnrealHeaderTool "E:\Documents\Developer Projects\Repositories\Unreal Section 3 - Building Escape\Building_Escape2\Building_Escape2.uproject" "E:\Documents\Developer Projects\Repositories\Unreal Section 3 - Building Escape\Building_Escape2\Intermediate\Build\Win64\Building_Escape2Editor\Development\Building_Escape2Editor.uhtmanifest" -LogCmds="loginit warning, logexit warning, logdatabase error" -Unattended -WarningsAsErrors -installed
[2017.09.08-16.55.36:310][677]CompilerResultsLog: Info Reflection code generated for Building_Escape2Editor in 4.9833003 seconds
[2017.09.08-16.55.36:310][677]CompilerResultsLog: Info Performing 3 actions (4 in parallel)
[2017.09.08-16.55.36:310][677]CompilerResultsLog: Info Grabber.cpp
[2017.09.08-16.55.36:310][677]CompilerResultsLog: Info [2/3] Link UE4Editor-Building_Escape2-629.dll
[2017.09.08-16.55.36:311][677]CompilerResultsLog: Info [3/3] Link UE4Editor-Building_Escape2-629.lib
[2017.09.08-16.55.36:311][677]CompilerResultsLog: Info    Creating library E:\Documents\Developer Projects\Repositories\Unreal Section 3 - Building Escape\Building_Escape2\Intermediate\Build\Win64\UE4Editor\Development\UE4Editor-Building_Escape2-629.lib and object E:\Documents\Developer Projects\Repositories\Unreal Section 3 - Building Escape\Building_Escape2\Intermediate\Build\Win64\UE4Editor\Development\UE4Editor-Building_Escape2-629.exp
[2017.09.08-16.55.36:311][677]CompilerResultsLog: Info    Creating library E:\Documents\Developer Projects\Repositories\Unreal Section 3 - Building Escape\Building_Escape2\Intermediate\Build\Win64\UE4Editor\Development\UE4Editor-Building_Escape2-629.suppressed.lib and object E:\Documents\Developer Projects\Repositories\Unreal Section 3 - Building Escape\Building_Escape2\Intermediate\Build\Win64\UE4Editor\Development\UE4Editor-Building_Escape2-629.suppressed.exp
[2017.09.08-16.55.36:311][677]CompilerResultsLog: Info Total build time: 75.28 seconds (Local executor: 61.08 seconds)
[2017.09.08-16.55.36:314][677]LogMainFrame: MainFrame: Module compiling took 77.325 seconds
[2017.09.08-16.55.37:504][677]LogContentBrowser: Native class hierarchy updated for 'Building_Escape2' in 0.0317 seconds. Added 4 classes and 2 folders.
[2017.09.08-16.55.37:512][677]Display: HotReload successful (0 functions remapped  0 scriptstructs remapped)
[2017.09.08-16.55.37:879][677]LogContentBrowser: Native class hierarchy populated in 0.0249 seconds. Added 2335 classes and 497 folders.
[2017.09.08-16.55.37:889][677]Display: HotReload took 78.9s.
[2017.09.08-16.57.36:992][ 97]LogTemp: Repeting last play command: Selected Viewport
[2017.09.08-16.57.37:256][ 97]LogPlayLevel: PlayLevel: No blueprints needed recompiling
[2017.09.08-16.57.37:265][ 97]PIE: New page: PIE session: NewMap (8 Sep 2017 18:57:37)
[2017.09.08-16.57.37:272][ 97]LogPlayLevel: Creating play world package: /Game/UEDPIE_0_NewMap
[2017.09.08-16.57.37:366][ 97]LogPlayLevel: PIE: StaticDuplicateObject took: (0.092982s)
[2017.09.08-16.57.37:386][ 97]LogAIModule: Creating AISystem for world NewMap
[2017.09.08-16.57.37:397][ 97]LogPlayLevel: PIE: World Init took: (0.030989s)
[2017.09.08-16.57.37:400][ 97]LogPlayLevel: PIE: Created PIE world by copying editor world from /Game/NewMap.NewMap to /Game/UEDPIE_0_NewMap.NewMap (0.129659s)
[2017.09.08-16.57.37:458][ 97]LogInit: XAudio2 using 'Speakers (ASUS Xonar Xense Audio Device)' : 2 channels at 44.1 kHz using 16 bits per sample (channel mask 0x3)
[2017.09.08-16.57.37:468][ 97]LogInit: FAudioDevice initialized.
[2017.09.08-16.57.37:732][ 97]LogLoad: Game class is 'BuildingEscapeGameMode_BP_C'
[2017.09.08-16.57.37:765][ 97]LogWorld: Bringing World /Game/UEDPIE_0_NewMap.NewMap up for play (max tick rate 0) at 2017.09.08-17.57.37
[2017.09.08-16.57.37:773][ 97]LogWorld: Bringing up level for play took: 0.023441
[2017.09.08-16.57.37:938][ 97]LogContentBrowser: Native class hierarchy updated for 'MovieSceneCapture' in 0.0062 seconds. Added 11 classes and 0 folders.
[2017.09.08-16.57.37:959][ 97]PIE: Info Play in editor start time for /Game/UEDPIE_0_NewMap 0.871
[2017.09.08-16.57.37:992][ 97]LogTemp:Warning: DefaultPawn_BP_C_0 is on pressure plate
[2017.09.08-16.57.38:152][ 98]LogTemp:Warning: DefaultPawn_BP_C_0 is on pressure plate
[2017.09.08-16.57.38:209][ 99]LogTemp:Warning: DefaultPawn_BP_C_0 is on pressure plate
[2017.09.08-16.57.38:218][100]LogTemp:Warning: DefaultPawn_BP_C_0 is on pressure plate
[2017.09.08-16.57.38:231][101]LogTemp:Warning: DefaultPawn_BP_C_0 is on pressure plate
[2017.09.08-16.57.38:243][102]LogTemp:Warning: DefaultPawn_BP_C_0 is on pressure plate
[2017.09.08-16.57.38:260][103]LogTemp:Warning: DefaultPawn_BP_C_0 is on pressure plate
[2017.09.08-16.57.38:279][104]LogTemp:Warning: DefaultPawn_BP_C_0 is on pressure plate
[2017.09.08-16.57.38:294][105]LogTemp:Warning: DefaultPawn_BP_C_0 is on pressure plate
[2017.09.08-16.57.38:312][106]LogTemp:Warning: DefaultPawn_BP_C_0 is on pressure plate
[2017.09.08-16.57.38:328][107]LogTemp:Warning: DefaultPawn_BP_C_0 is on pressure plate
[2017.09.08-16.57.38:345][108]LogTemp:Warning: DefaultPawn_BP_C_0 is on pressure plate
[2017.09.08-16.57.38:360][109]LogTemp:Warning: DefaultPawn_BP_C_0 is on pressure plate
[2017.09.08-16.57.38:378][110]LogTemp:Warning: DefaultPawn_BP_C_0 is on pressure plate
[2017.09.08-16.57.38:393][111]LogTemp:Warning: DefaultPawn_BP_C_0 is on pressure plate
[2017.09.08-16.57.38:412][112]LogTemp:Warning: DefaultPawn_BP_C_0 is on pressure plate
[2017.09.08-16.57.38:427][113]LogTemp:Warning: DefaultPawn_BP_C_0 is on pressure plate
[2017.09.08-16.57.38:445][114]LogTemp:Warning: DefaultPawn_BP_C_0 is on pressure plate
[2017.09.08-16.57.38:460][115]LogTemp:Warning: DefaultPawn_BP_C_0 is on pressure plate
[2017.09.08-16.57.38:477][116]LogTemp:Warning: DefaultPawn_BP_C_0 is on pressure plate
[2017.09.08-16.57.38:493][117]LogTemp:Warning: DefaultPawn_BP_C_0 is on pressure plate
[2017.09.08-16.57.38:511][118]LogTemp:Warning: DefaultPawn_BP_C_0 is on pressure plate
[2017.09.08-16.57.38:527][119]LogTemp:Warning: DefaultPawn_BP_C_0 is on pressure plate
[2017.09.08-16.57.38:545][120]LogTemp:Warning: DefaultPawn_BP_C_0 is on pressure plate
[2017.09.08-16.57.38:562][121]LogTemp:Warning: DefaultPawn_BP_C_0 is on pressure plate
[2017.09.08-16.57.38:579][122]LogTemp:Warning: DefaultPawn_BP_C_0 is on pressure plate
[2017.09.08-16.57.38:595][123]LogTemp:Warning: DefaultPawn_BP_C_0 is on pressure plate
[2017.09.08-16.57.38:612][124]LogTemp:Warning: DefaultPawn_BP_C_0 is on pressure plate
[2017.09.08-16.57.38:628][125]LogTemp:Warning: DefaultPawn_BP_C_0 is on pressure plate
[2017.09.08-16.57.38:646][126]LogTemp:Warning: DefaultPawn_BP_C_0 is on pressure plate
[2017.09.08-16.57.38:662][127]LogTemp:Warning: DefaultPawn_BP_C_0 is on pressure plate
[2017.09.08-16.57.38:680][128]LogTemp:Warning: DefaultPawn_BP_C_0 is on pressure plate
[2017.09.08-16.57.38:696][129]LogTemp:Warning: DefaultPawn_BP_C_0 is on pressure plate
[2017.09.08-16.57.38:714][130]LogTemp:Warning: DefaultPawn_BP_C_0 is on pressure plate
[2017.09.08-16.57.38:730][131]LogTemp:Warning: DefaultPawn_BP_C_0 is on pressure plate
[2017.09.08-16.57.38:747][132]LogTemp:Warning: DefaultPawn_BP_C_0 is on pressure plate
[2017.09.08-16.57.38:764][133]LogTemp:Warning: DefaultPawn_BP_C_0 is on pressure plate
[2017.09.08-16.57.38:782][134]LogTemp:Warning: DefaultPawn_BP_C_0 is on pressure plate
[2017.09.08-16.57.38:802][135]LogTemp:Warning: DefaultPawn_BP_C_0 is on pressure plate
[2017.09.08-16.57.38:818][136]LogTemp:Warning: DefaultPawn_BP_C_0 is on pressure plate
[2017.09.08-16.57.38:836][137]LogTemp:Warning: DefaultPawn_BP_C_0 is on pressure plate
[2017.09.08-16.57.38:854][138]LogTemp:Warning: DefaultPawn_BP_C_0 is on pressure plate
[2017.09.08-16.57.38:872][139]LogTemp:Warning: DefaultPawn_BP_C_0 is on pressure plate
[2017.09.08-16.57.38:890][140]LogTemp:Warning: DefaultPawn_BP_C_0 is on pressure plate
[2017.09.08-16.57.38:908][141]LogTemp:Warning: DefaultPawn_BP_C_0 is on pressure plate
[2017.09.08-16.57.38:924][142]LogTemp:Warning: DefaultPawn_BP_C_0 is on pressure plate
[2017.09.08-16.57.38:942][143]LogTemp:Warning: DefaultPawn_BP_C_0 is on pressure plate
[2017.09.08-16.57.38:959][144]LogTemp:Warning: DefaultPawn_BP_C_0 is on pressure plate
[2017.09.08-16.57.38:977][145]LogTemp:Warning: DefaultPawn_BP_C_0 is on pressure plate
[2017.09.08-16.57.38:995][146]LogTemp:Warning: DefaultPawn_BP_C_0 is on pressure plate
[2017.09.08-16.57.39:012][147]LogTemp:Warning: DefaultPawn_BP_C_0 is on pressure plate
[2017.09.08-16.57.39:029][148]LogTemp:Warning: DefaultPawn_BP_C_0 is on pressure plate
[2017.09.08-16.57.39:046][149]LogTemp:Warning: DefaultPawn_BP_C_0 is on pressure plate
[2017.09.08-16.57.39:064][150]LogTemp:Warning: DefaultPawn_BP_C_0 is on pressure plate
[2017.09.08-16.57.39:083][151]LogTemp:Warning: DefaultPawn_BP_C_0 is on pressure plate
[2017.09.08-16.57.39:100][152]LogTemp:Warning: DefaultPawn_BP_C_0 is on pressure plate
[2017.09.08-16.57.39:116][153]LogTemp:Warning: DefaultPawn_BP_C_0 is on pressure plate
[2017.09.08-16.57.39:132][154]LogTemp:Warning: DefaultPawn_BP_C_0 is on pressure plate
[2017.09.08-16.57.39:150][155]LogTemp:Warning: DefaultPawn_BP_C_0 is on pressure plate
[2017.09.08-16.57.39:169][156]LogTemp:Warning: DefaultPawn_BP_C_0 is on pressure plate
[2017.09.08-16.57.39:187][157]LogTemp:Warning: DefaultPawn_BP_C_0 is on pressure plate
[2017.09.08-16.57.39:207][158]LogTemp:Warning: DefaultPawn_BP_C_0 is on pressure plate
[2017.09.08-16.57.39:222][159]LogTemp:Warning: DefaultPawn_BP_C_0 is on pressure plate
[2017.09.08-16.57.39:240][160]LogTemp:Warning: DefaultPawn_BP_C_0 is on pressure plate
[2017.09.08-16.57.39:257][161]LogTemp:Warning: DefaultPawn_BP_C_0 is on pressure plate
[2017.09.08-16.57.39:274][162]LogTemp:Warning: DefaultPawn_BP_C_0 is on pressure plate
[2017.09.08-16.57.39:290][163]LogTemp:Warning: DefaultPawn_BP_C_0 is on pressure plate
[2017.09.08-16.57.39:308][164]LogTemp:Warning: DefaultPawn_BP_C_0 is on pressure plate
[2017.09.08-16.57.39:323][165]LogTemp:Warning: DefaultPawn_BP_C_0 is on pressure plate
[2017.09.08-16.57.39:342][166]LogTemp:Warning: DefaultPawn_BP_C_0 is on pressure plate
[2017.09.08-16.57.39:357][167]LogTemp:Warning: DefaultPawn_BP_C_0 is on pressure plate
[2017.09.08-16.57.39:375][168]LogTemp:Warning: DefaultPawn_BP_C_0 is on pressure plate
[2017.09.08-16.57.39:403][169]LogTemp:Warning: DefaultPawn_BP_C_0 is on pressure plate
[2017.09.08-16.57.39:410][170]LogTemp:Warning: DefaultPawn_BP_C_0 is on pressure plate
[2017.09.08-16.57.39:427][171]LogTemp:Warning: DefaultPawn_BP_C_0 is on pressure plate
[2017.09.08-16.57.39:446][172]LogTemp:Warning: DefaultPawn_BP_C_0 is on pressure plate
[2017.09.08-16.57.39:463][173]LogTemp:Warning: DefaultPawn_BP_C_0 is on pressure plate
[2017.09.08-16.57.39:481][174]LogTemp:Warning: DefaultPawn_BP_C_0 is on pressure plate
[2017.09.08-16.57.39:498][175]LogTemp:Warning: DefaultPawn_BP_C_0 is on pressure plate
[2017.09.08-16.57.39:516][176]LogTemp:Warning: DefaultPawn_BP_C_0 is on pressure plate
[2017.09.08-16.57.39:533][177]LogTemp:Warning: DefaultPawn_BP_C_0 is on pressure plate
[2017.09.08-16.57.39:550][178]LogTemp:Warning: DefaultPawn_BP_C_0 is on pressure plate
[2017.09.08-16.57.39:569][179]LogTemp:Warning: DefaultPawn_BP_C_0 is on pressure plate
[2017.09.08-16.57.39:586][180]LogTemp:Warning: DefaultPawn_BP_C_0 is on pressure plate
[2017.09.08-16.57.39:605][181]LogTemp:Warning: DefaultPawn_BP_C_0 is on pressure plate
[2017.09.08-16.57.39:623][182]LogTemp:Warning: DefaultPawn_BP_C_0 is on pressure plate
[2017.09.08-16.57.39:641][183]LogTemp:Warning: DefaultPawn_BP_C_0 is on pressure plate
[2017.09.08-16.57.39:658][184]LogTemp:Warning: DefaultPawn_BP_C_0 is on pressure plate
[2017.09.08-16.57.40:558][234]LogTemp:Warning: Grab Pressed
[2017.09.08-16.57.40:952][256]LogTemp:Warning: Grab Released
[2017.09.08-16.57.41:945][310]LogTemp:Warning: Grab Pressed
[2017.09.08-16.57.44:538][463]LogTemp:Warning: Grab Released
[2017.09.08-16.57.47:797][644]LogTemp:Warning: DefaultPawn_BP_C_0 is on pressure plate
[2017.09.08-16.57.47:816][645]LogTemp:Warning: DefaultPawn_BP_C_0 is on pressure plate
[2017.09.08-16.57.47:834][646]LogTemp:Warning: DefaultPawn_BP_C_0 is on pressure plate
[2017.09.08-16.57.47:853][647]LogTemp:Warning: DefaultPawn_BP_C_0 is on pressure plate
[2017.09.08-16.57.47:871][648]LogTemp:Warning: DefaultPawn_BP_C_0 is on pressure plate
[2017.09.08-16.57.47:890][649]LogTemp:Warning: DefaultPawn_BP_C_0 is on pressure plate
[2017.09.08-16.57.47:908][650]LogTemp:Warning: DefaultPawn_BP_C_0 is on pressure plate
[2017.09.08-16.57.47:927][651]LogTemp:Warning: DefaultPawn_BP_C_0 is on pressure plate
[2017.09.08-16.57.47:946][652]LogTemp:Warning: DefaultPawn_BP_C_0 is on pressure plate
[2017.09.08-16.57.48:583][687]LogTemp:Warning: DefaultPawn_BP_C_0 is on pressure plate
[2017.09.08-16.57.48:600][688]LogTemp:Warning: DefaultPawn_BP_C_0 is on pressure plate
[2017.09.08-16.57.48:619][689]LogTemp:Warning: DefaultPawn_BP_C_0 is on pressure plate
[2017.09.08-16.57.48:637][690]LogTemp:Warning: DefaultPawn_BP_C_0 is on pressure plate
[2017.09.08-16.57.48:655][691]LogTemp:Warning: DefaultPawn_BP_C_0 is on pressure plate
[2017.09.08-16.57.48:672][692]LogTemp:Warning: DefaultPawn_BP_C_0 is on pressure plate
[2017.09.08-16.57.48:691][693]LogTemp:Warning: DefaultPawn_BP_C_0 is on pressure plate
[2017.09.08-16.57.48:708][694]LogTemp:Warning: DefaultPawn_BP_C_0 is on pressure plate
[2017.09.08-16.57.48:726][695]LogTemp:Warning: DefaultPawn_BP_C_0 is on pressure plate
[2017.09.08-16.57.50:210][777]LogTemp:Warning: Grab Pressed
[2017.09.08-16.57.56:563][152]LogTemp:Warning: Grab Released
[2017.09.08-16.57.57:883][228]LogTemp:Warning: Grab Pressed
[2017.09.08-16.57.59:781][335]LogTemp:Warning: Grab Released
[2017.09.08-16.58.02:728][497]LogTemp:Warning: Grab Pressed
[2017.09.08-16.58.07:260][766]LogTemp:Warning: Grab Released
[2017.09.08-16.58.08:938][863]LogTemp:Warning: Grab Pressed
[2017.09.08-16.58.10:390][944]LogTemp:Warning: DefaultPawn_BP_C_0 is on pressure plate
[2017.09.08-16.58.10:409][945]LogTemp:Warning: DefaultPawn_BP_C_0 is on pressure plate
[2017.09.08-16.58.10:427][946]LogTemp:Warning: DefaultPawn_BP_C_0 is on pressure plate
[2017.09.08-16.58.10:445][947]LogTemp:Warning: DefaultPawn_BP_C_0 is on pressure plate
[2017.09.08-16.58.10:464][948]LogTemp:Warning: DefaultPawn_BP_C_0 is on pressure plate
[2017.09.08-16.58.10:482][949]LogTemp:Warning: DefaultPawn_BP_C_0 is on pressure plate
[2017.09.08-16.58.10:500][950]LogTemp:Warning: DefaultPawn_BP_C_0 is on pressure plate
[2017.09.08-16.58.10:519][951]LogTemp:Warning: DefaultPawn_BP_C_0 is on pressure plate
[2017.09.08-16.58.10:536][952]LogTemp:Warning: DefaultPawn_BP_C_0 is on pressure plate
[2017.09.08-16.58.10:536][952]LogTemp:Warning: SM_Chair2_5 is on pressure plate
[2017.09.08-16.58.10:555][953]LogTemp:Warning: DefaultPawn_BP_C_0 is on pressure plate
[2017.09.08-16.58.10:572][954]LogTemp:Warning: DefaultPawn_BP_C_0 is on pressure plate
[2017.09.08-16.58.10:591][955]LogTemp:Warning: DefaultPawn_BP_C_0 is on pressure plate
[2017.09.08-16.58.10:610][956]LogTemp:Warning: DefaultPawn_BP_C_0 is on pressure plate
[2017.09.08-16.58.10:629][957]LogTemp:Warning: DefaultPawn_BP_C_0 is on pressure plate
[2017.09.08-16.58.10:647][958]LogTemp:Warning: DefaultPawn_BP_C_0 is on pressure plate
[2017.09.08-16.58.10:664][959]LogTemp:Warning: DefaultPawn_BP_C_0 is on pressure plate
[2017.09.08-16.58.10:682][960]LogTemp:Warning: DefaultPawn_BP_C_0 is on pressure plate
[2017.09.08-16.58.10:699][961]LogTemp:Warning: DefaultPawn_BP_C_0 is on pressure plate
[2017.09.08-16.58.10:717][962]LogTemp:Warning: DefaultPawn_BP_C_0 is on pressure plate
[2017.09.08-16.58.10:736][963]LogTemp:Warning: DefaultPawn_BP_C_0 is on pressure plate
[2017.09.08-16.58.10:755][964]LogTemp:Warning: DefaultPawn_BP_C_0 is on pressure plate
[2017.09.08-16.58.10:772][965]LogTemp:Warning: DefaultPawn_BP_C_0 is on pressure plate
[2017.09.08-16.58.10:789][966]LogTemp:Warning: DefaultPawn_BP_C_0 is on pressure plate
[2017.09.08-16.58.10:807][967]LogTemp:Warning: DefaultPawn_BP_C_0 is on pressure plate
[2017.09.08-16.58.10:825][968]LogTemp:Warning: DefaultPawn_BP_C_0 is on pressure plate
[2017.09.08-16.58.10:845][969]LogTemp:Warning: DefaultPawn_BP_C_0 is on pressure plate
[2017.09.08-16.58.10:862][970]LogTemp:Warning: DefaultPawn_BP_C_0 is on pressure plate
[2017.09.08-16.58.10:882][971]LogTemp:Warning: DefaultPawn_BP_C_0 is on pressure plate
[2017.09.08-16.58.10:898][972]LogTemp:Warning: DefaultPawn_BP_C_0 is on pressure plate
[2017.09.08-16.58.10:917][973]LogTemp:Warning: DefaultPawn_BP_C_0 is on pressure plate
[2017.09.08-16.58.10:935][974]LogTemp:Warning: DefaultPawn_BP_C_0 is on pressure plate
[2017.09.08-16.58.10:953][975]LogTemp:Warning: DefaultPawn_BP_C_0 is on pressure plate
[2017.09.08-16.58.10:972][976]LogTemp:Warning: DefaultPawn_BP_C_0 is on pressure plate
[2017.09.08-16.58.10:989][977]LogTemp:Warning: DefaultPawn_BP_C_0 is on pressure plate
[2017.09.08-16.58.11:008][978]LogTemp:Warning: DefaultPawn_BP_C_0 is on pressure plate
[2017.09.08-16.58.11:025][979]LogTemp:Warning: DefaultPawn_BP_C_0 is on pressure plate
[2017.09.08-16.58.11:044][980]LogTemp:Warning: DefaultPawn_BP_C_0 is on pressure plate
[2017.09.08-16.58.11:062][981]LogTemp:Warning: DefaultPawn_BP_C_0 is on pressure plate
[2017.09.08-16.58.11:082][982]LogTemp:Warning: DefaultPawn_BP_C_0 is on pressure plate
[2017.09.08-16.58.14:051][155]LogTemp:Warning: Grab Released
[2017.09.08-16.58.16:746][315]LogTemp:Warning: Grab Pressed
[2017.09.08-16.58.17:550][360]LogTemp:Warning: Grab Released
[2017.09.08-16.58.17:640][365]LogTemp:Warning: Grab Pressed
[2017.09.08-16.58.17:779][373]LogTemp:Warning: Grab Released
[2017.09.08-16.58.18:827][431]LogTemp:Warning: Grab Pressed
[2017.09.08-16.58.22:288][640]LogTemp:Warning: DefaultPawn_BP_C_0 is on pressure plate
[2017.09.08-16.58.22:303][641]LogTemp:Warning: DefaultPawn_BP_C_0 is on pressure plate
[2017.09.08-16.58.22:319][642]LogTemp:Warning: DefaultPawn_BP_C_0 is on pressure plate
[2017.09.08-16.58.22:336][643]LogTemp:Warning: DefaultPawn_BP_C_0 is on pressure plate
[2017.09.08-16.58.22:352][644]LogTemp:Warning: DefaultPawn_BP_C_0 is on pressure plate
[2017.09.08-16.58.22:368][645]LogTemp:Warning: DefaultPawn_BP_C_0 is on pressure plate
[2017.09.08-16.58.22:384][646]LogTemp:Warning: DefaultPawn_BP_C_0 is on pressure plate
[2017.09.08-16.58.22:399][647]LogTemp:Warning: DefaultPawn_BP_C_0 is on pressure plate
[2017.09.08-16.58.22:417][648]LogTemp:Warning: DefaultPawn_BP_C_0 is on pressure plate
[2017.09.08-16.58.22:433][649]LogTemp:Warning: DefaultPawn_BP_C_0 is on pressure plate
[2017.09.08-16.58.22:449][650]LogTemp:Warning: DefaultPawn_BP_C_0 is on pressure plate
[2017.09.08-16.58.22:464][651]LogTemp:Warning: DefaultPawn_BP_C_0 is on pressure plate
[2017.09.08-16.58.22:464][651]LogTemp:Warning: SM_Chair2_5 is on pressure plate
[2017.09.08-16.58.22:481][652]LogTemp:Warning: DefaultPawn_BP_C_0 is on pressure plate
[2017.09.08-16.58.22:481][652]LogTemp:Warning: SM_Chair2_5 is on pressure plate
[2017.09.08-16.58.22:497][653]LogTemp:Warning: DefaultPawn_BP_C_0 is on pressure plate
[2017.09.08-16.58.22:497][653]LogTemp:Warning: SM_Chair2_5 is on pressure plate
[2017.09.08-16.58.22:514][654]LogTemp:Warning: DefaultPawn_BP_C_0 is on pressure plate
[2017.09.08-16.58.22:514][654]LogTemp:Warning: SM_Chair2_5 is on pressure plate
[2017.09.08-16.58.22:530][655]LogTemp:Warning: DefaultPawn_BP_C_0 is on pressure plate
[2017.09.08-16.58.22:531][655]LogTemp:Warning: SM_Chair2_5 is on pressure plate
[2017.09.08-16.58.22:547][656]LogTemp:Warning: DefaultPawn_BP_C_0 is on pressure plate
[2017.09.08-16.58.22:547][656]LogTemp:Warning: SM_Chair2_5 is on pressure plate
[2017.09.08-16.58.22:563][657]LogTemp:Warning: DefaultPawn_BP_C_0 is on pressure plate
[2017.09.08-16.58.22:563][657]LogTemp:Warning: SM_Chair2_5 is on pressure plate
[2017.09.08-16.58.22:580][658]LogTemp:Warning: DefaultPawn_BP_C_0 is on pressure plate
[2017.09.08-16.58.22:580][658]LogTemp:Warning: SM_Chair2_5 is on pressure plate
[2017.09.08-16.58.22:595][659]LogTemp:Warning: DefaultPawn_BP_C_0 is on pressure plate
[2017.09.08-16.58.22:595][659]LogTemp:Warning: SM_Chair2_5 is on pressure plate
[2017.09.08-16.58.22:613][660]LogTemp:Warning: DefaultPawn_BP_C_0 is on pressure plate
[2017.09.08-16.58.22:613][660]LogTemp:Warning: SM_Chair2_5 is on pressure plate
[2017.09.08-16.58.22:628][661]LogTemp:Warning: DefaultPawn_BP_C_0 is on pressure plate
[2017.09.08-16.58.22:628][661]LogTemp:Warning: SM_Chair2_5 is on pressure plate
[2017.09.08-16.58.22:646][662]LogTemp:Warning: DefaultPawn_BP_C_0 is on pressure plate
[2017.09.08-16.58.22:646][662]LogTemp:Warning: SM_Chair2_5 is on pressure plate
[2017.09.08-16.58.22:662][663]LogTemp:Warning: DefaultPawn_BP_C_0 is on pressure plate
[2017.09.08-16.58.22:662][663]LogTemp:Warning: SM_Chair2_5 is on pressure plate
[2017.09.08-16.58.22:680][664]LogTemp:Warning: DefaultPawn_BP_C_0 is on pressure plate
[2017.09.08-16.58.22:680][664]LogTemp:Warning: SM_Chair2_5 is on pressure plate
[2017.09.08-16.58.22:696][665]LogTemp:Warning: DefaultPawn_BP_C_0 is on pressure plate
[2017.09.08-16.58.22:696][665]LogTemp:Warning: SM_Chair2_5 is on pressure plate
[2017.09.08-16.58.22:714][666]LogTemp:Warning: DefaultPawn_BP_C_0 is on pressure plate
[2017.09.08-16.58.22:714][666]LogTemp:Warning: SM_Chair2_5 is on pressure plate
[2017.09.08-16.58.22:732][667]LogTemp:Warning: DefaultPawn_BP_C_0 is on pressure plate
[2017.09.08-16.58.22:732][667]LogTemp:Warning: SM_Chair2_5 is on pressure plate
[2017.09.08-16.58.22:749][668]LogTemp:Warning: DefaultPawn_BP_C_0 is on pressure plate
[2017.09.08-16.58.22:749][668]LogTemp:Warning: SM_Chair2_5 is on pressure plate
[2017.09.08-16.58.22:765][669]LogTemp:Warning: DefaultPawn_BP_C_0 is on pressure plate
[2017.09.08-16.58.22:765][669]LogTemp:Warning: SM_Chair2_5 is on pressure plate
[2017.09.08-16.58.22:782][670]LogTemp:Warning: DefaultPawn_BP_C_0 is on pressure plate
[2017.09.08-16.58.22:782][670]LogTemp:Warning: SM_Chair2_5 is on pressure plate
[2017.09.08-16.58.22:800][671]LogTemp:Warning: DefaultPawn_BP_C_0 is on pressure plate
[2017.09.08-16.58.22:800][671]LogTemp:Warning: SM_Chair2_5 is on pressure plate
[2017.09.08-16.58.22:817][672]LogTemp:Warning: DefaultPawn_BP_C_0 is on pressure plate
[2017.09.08-16.58.22:817][672]LogTemp:Warning: SM_Chair2_5 is on pressure plate
[2017.09.08-16.58.22:835][673]LogTemp:Warning: DefaultPawn_BP_C_0 is on pressure plate
[2017.09.08-16.58.22:835][673]LogTemp:Warning: SM_Chair2_5 is on pressure plate
[2017.09.08-16.58.22:854][674]LogTemp:Warning: DefaultPawn_BP_C_0 is on pressure plate
[2017.09.08-16.58.22:854][674]LogTemp:Warning: SM_Chair2_5 is on pressure plate
[2017.09.08-16.58.22:871][675]LogTemp:Warning: DefaultPawn_BP_C_0 is on pressure plate
[2017.09.08-16.58.22:871][675]LogTemp:Warning: SM_Chair2_5 is on pressure plate
[2017.09.08-16.58.22:888][676]LogTemp:Warning: DefaultPawn_BP_C_0 is on pressure plate
[2017.09.08-16.58.22:888][676]LogTemp:Warning: SM_Chair2_5 is on pressure plate
[2017.09.08-16.58.22:907][677]LogTemp:Warning: DefaultPawn_BP_C_0 is on pressure plate
[2017.09.08-16.58.22:907][677]LogTemp:Warning: SM_Chair2_5 is on pressure plate
[2017.09.08-16.58.22:927][678]LogTemp:Warning: DefaultPawn_BP_C_0 is on pressure plate
[2017.09.08-16.58.22:927][678]LogTemp:Warning: SM_Chair2_5 is on pressure plate
[2017.09.08-16.58.22:944][679]LogTemp:Warning: DefaultPawn_BP_C_0 is on pressure plate
[2017.09.08-16.58.22:944][679]LogTemp:Warning: SM_Chair2_5 is on pressure plate
[2017.09.08-16.58.22:962][680]LogTemp:Warning: DefaultPawn_BP_C_0 is on pressure plate
[2017.09.08-16.58.22:962][680]LogTemp:Warning: SM_Chair2_5 is on pressure plate
[2017.09.08-16.58.22:980][681]LogTemp:Warning: DefaultPawn_BP_C_0 is on pressure plate
[2017.09.08-16.58.22:980][681]LogTemp:Warning: SM_Chair2_5 is on pressure plate
[2017.09.08-16.58.22:998][682]LogTemp:Warning: DefaultPawn_BP_C_0 is on pressure plate
[2017.09.08-16.58.22:998][682]LogTemp:Warning: SM_Chair2_5 is on pressure plate
[2017.09.08-16.58.23:015][683]LogTemp:Warning: DefaultPawn_BP_C_0 is on pressure plate
[2017.09.08-16.58.23:015][683]LogTemp:Warning: SM_Chair2_5 is on pressure plate
[2017.09.08-16.58.23:033][684]LogTemp:Warning: DefaultPawn_BP_C_0 is on pressure plate
[2017.09.08-16.58.23:033][684]LogTemp:Warning: SM_Chair2_5 is on pressure plate
[2017.09.08-16.58.23:052][685]LogTemp:Warning: DefaultPawn_BP_C_0 is on pressure plate
[2017.09.08-16.58.23:052][685]LogTemp:Warning: SM_Chair2_5 is on pressure plate
[2017.09.08-16.58.23:069][686]LogTemp:Warning: DefaultPawn_BP_C_0 is on pressure plate
[2017.09.08-16.58.23:069][686]LogTemp:Warning: SM_Chair2_5 is on pressure plate
[2017.09.08-16.58.23:087][687]LogTemp:Warning: DefaultPawn_BP_C_0 is on pressure plate
[2017.09.08-16.58.23:087][687]LogTemp:Warning: SM_Chair2_5 is on pressure plate
[2017.09.08-16.58.23:105][688]LogTemp:Warning: DefaultPawn_BP_C_0 is on pressure plate
[2017.09.08-16.58.23:105][688]LogTemp:Warning: SM_Chair2_5 is on pressure plate
[2017.09.08-16.58.23:123][689]LogTemp:Warning: DefaultPawn_BP_C_0 is on pressure plate
[2017.09.08-16.58.23:123][689]LogTemp:Warning: SM_Chair2_5 is on pressure plate
[2017.09.08-16.58.23:141][690]LogTemp:Warning: DefaultPawn_BP_C_0 is on pressure plate
[2017.09.08-16.58.23:141][690]LogTemp:Warning: SM_Chair2_5 is on pressure plate
[2017.09.08-16.58.23:160][691]LogTemp:Warning: DefaultPawn_BP_C_0 is on pressure plate
[2017.09.08-16.58.23:160][691]LogTemp:Warning: SM_Chair2_5 is on pressure plate
[2017.09.08-16.58.23:178][692]LogTemp:Warning: DefaultPawn_BP_C_0 is on pressure plate
[2017.09.08-16.58.23:178][692]LogTemp:Warning: SM_Chair2_5 is on pressure plate
[2017.09.08-16.58.23:195][693]LogTemp:Warning: DefaultPawn_BP_C_0 is on pressure plate
[2017.09.08-16.58.23:195][693]LogTemp:Warning: SM_Chair2_5 is on pressure plate
[2017.09.08-16.58.23:214][694]LogTemp:Warning: DefaultPawn_BP_C_0 is on pressure plate
[2017.09.08-16.58.23:214][694]LogTemp:Warning: SM_Chair2_5 is on pressure plate
[2017.09.08-16.58.23:232][695]LogTemp:Warning: DefaultPawn_BP_C_0 is on pressure plate
[2017.09.08-16.58.23:232][695]LogTemp:Warning: SM_Chair2_5 is on pressure plate
[2017.09.08-16.58.23:250][696]LogTemp:Warning: DefaultPawn_BP_C_0 is on pressure plate
[2017.09.08-16.58.23:250][696]LogTemp:Warning: SM_Chair2_5 is on pressure plate
[2017.09.08-16.58.23:267][697]LogTemp:Warning: DefaultPawn_BP_C_0 is on pressure plate
[2017.09.08-16.58.23:267][697]LogTemp:Warning: SM_Chair2_5 is on pressure plate
[2017.09.08-16.58.23:286][698]LogTemp:Warning: DefaultPawn_BP_C_0 is on pressure plate
[2017.09.08-16.58.23:286][698]LogTemp:Warning: SM_Chair2_5 is on pressure plate
[2017.09.08-16.58.23:305][699]LogTemp:Warning: DefaultPawn_BP_C_0 is on pressure plate
[2017.09.08-16.58.23:305][699]LogTemp:Warning: SM_Chair2_5 is on pressure plate
[2017.09.08-16.58.23:321][700]LogTemp:Warning: DefaultPawn_BP_C_0 is on pressure plate
[2017.09.08-16.58.23:321][700]LogTemp:Warning: SM_Chair2_5 is on pressure plate
[2017.09.08-16.58.23:340][701]LogTemp:Warning: DefaultPawn_BP_C_0 is on pressure plate
[2017.09.08-16.58.23:340][701]LogTemp:Warning: SM_Chair2_5 is on pressure plate
[2017.09.08-16.58.23:361][702]LogTemp:Warning: DefaultPawn_BP_C_0 is on pressure plate
[2017.09.08-16.58.23:361][702]LogTemp:Warning: SM_Chair2_5 is on pressure plate
[2017.09.08-16.58.23:379][703]LogTemp:Warning: DefaultPawn_BP_C_0 is on pressure plate
[2017.09.08-16.58.23:379][703]LogTemp:Warning: SM_Chair2_5 is on pressure plate
[2017.09.08-16.58.23:396][704]LogTemp:Warning: DefaultPawn_BP_C_0 is on pressure plate
[2017.09.08-16.58.23:396][704]LogTemp:Warning: SM_Chair2_5 is on pressure plate
[2017.09.08-16.58.23:413][705]LogTemp:Warning: DefaultPawn_BP_C_0 is on pressure plate
[2017.09.08-16.58.23:413][705]LogTemp:Warning: SM_Chair2_5 is on pressure plate
[2017.09.08-16.58.23:432][706]LogTemp:Warning: DefaultPawn_BP_C_0 is on pressure plate
[2017.09.08-16.58.23:432][706]LogTemp:Warning: SM_Chair2_5 is on pressure plate
[2017.09.08-16.58.23:450][707]LogTemp:Warning: DefaultPawn_BP_C_0 is on pressure plate
[2017.09.08-16.58.23:450][707]LogTemp:Warning: SM_Chair2_5 is on pressure plate
[2017.09.08-16.58.23:467][708]LogTemp:Warning: DefaultPawn_BP_C_0 is on pressure plate
[2017.09.08-16.58.23:467][708]LogTemp:Warning: SM_Chair2_5 is on pressure plate
[2017.09.08-16.58.23:486][709]LogTemp:Warning: DefaultPawn_BP_C_0 is on pressure plate
[2017.09.08-16.58.23:486][709]LogTemp:Warning: SM_Chair2_5 is on pressure plate
[2017.09.08-16.58.23:505][710]LogTemp:Warning: DefaultPawn_BP_C_0 is on pressure plate
[2017.09.08-16.58.23:505][710]LogTemp:Warning: SM_Chair2_5 is on pressure plate
[2017.09.08-16.58.23:522][711]LogTemp:Warning: DefaultPawn_BP_C_0 is on pressure plate
[2017.09.08-16.58.23:522][711]LogTemp:Warning: SM_Chair2_5 is on pressure plate
[2017.09.08-16.58.23:539][712]LogTemp:Warning: DefaultPawn_BP_C_0 is on pressure plate
[2017.09.08-16.58.23:539][712]LogTemp:Warning: SM_Chair2_5 is on pressure plate
[2017.09.08-16.58.23:559][713]LogTemp:Warning: DefaultPawn_BP_C_0 is on pressure plate
[2017.09.08-16.58.23:559][713]LogTemp:Warning: SM_Chair2_5 is on pressure plate
[2017.09.08-16.58.23:576][714]LogTemp:Warning: DefaultPawn_BP_C_0 is on pressure plate
[2017.09.08-16.58.23:576][714]LogTemp:Warning: SM_Chair2_5 is on pressure plate
[2017.09.08-16.58.23:594][715]LogTemp:Warning: DefaultPawn_BP_C_0 is on pressure plate
[2017.09.08-16.58.23:594][715]LogTemp:Warning: SM_Chair2_5 is on pressure plate
[2017.09.08-16.58.23:612][716]LogTemp:Warning: DefaultPawn_BP_C_0 is on pressure plate
[2017.09.08-16.58.23:612][716]LogTemp:Warning: SM_Chair2_5 is on pressure plate
[2017.09.08-16.58.23:631][717]LogTemp:Warning: DefaultPawn_BP_C_0 is on pressure plate
[2017.09.08-16.58.23:631][717]LogTemp:Warning: SM_Chair2_5 is on pressure plate
[2017.09.08-16.58.23:649][718]LogTemp:Warning: DefaultPawn_BP_C_0 is on pressure plate
[2017.09.08-16.58.23:649][718]LogTemp:Warning: SM_Chair2_5 is on pressure plate
[2017.09.08-16.58.23:666][719]LogTemp:Warning: DefaultPawn_BP_C_0 is on pressure plate
[2017.09.08-16.58.23:666][719]LogTemp:Warning: SM_Chair2_5 is on pressure plate
[2017.09.08-16.58.23:683][720]LogTemp:Warning: DefaultPawn_BP_C_0 is on pressure plate
[2017.09.08-16.58.23:683][720]LogTemp:Warning: SM_Chair2_5 is on pressure plate
[2017.09.08-16.58.23:700][721]LogTemp:Warning: DefaultPawn_BP_C_0 is on pressure plate
[2017.09.08-16.58.23:700][721]LogTemp:Warning: SM_Chair2_5 is on pressure plate
[2017.09.08-16.58.23:719][722]LogTemp:Warning: DefaultPawn_BP_C_0 is on pressure plate
[2017.09.08-16.58.23:719][722]LogTemp:Warning: SM_Chair2_5 is on pressure plate
[2017.09.08-16.58.23:738][723]LogTemp:Warning: DefaultPawn_BP_C_0 is on pressure plate
[2017.09.08-16.58.23:738][723]LogTemp:Warning: SM_Chair2_5 is on pressure plate
[2017.09.08-16.58.23:754][724]LogTemp:Warning: DefaultPawn_BP_C_0 is on pressure plate
[2017.09.08-16.58.23:754][724]LogTemp:Warning: SM_Chair2_5 is on pressure plate
[2017.09.08-16.58.23:771][725]LogTemp:Warning: DefaultPawn_BP_C_0 is on pressure plate
[2017.09.08-16.58.23:771][725]LogTemp:Warning: SM_Chair2_5 is on pressure plate
[2017.09.08-16.58.23:789][726]LogTemp:Warning: DefaultPawn_BP_C_0 is on pressure plate
[2017.09.08-16.58.23:789][726]LogTemp:Warning: SM_Chair2_5 is on pressure plate
[2017.09.08-16.58.23:808][727]LogTemp:Warning: DefaultPawn_BP_C_0 is on pressure plate
[2017.09.08-16.58.23:808][727]LogTemp:Warning: SM_Chair2_5 is on pressure plate
[2017.09.08-16.58.23:826][728]LogTemp:Warning: DefaultPawn_BP_C_0 is on pressure plate
[2017.09.08-16.58.23:826][728]LogTemp:Warning: SM_Chair2_5 is on pressure plate
[2017.09.08-16.58.23:843][729]LogTemp:Warning: DefaultPawn_BP_C_0 is on pressure plate
[2017.09.08-16.58.23:843][729]LogTemp:Warning: SM_Chair2_5 is on pressure plate
[2017.09.08-16.58.23:862][730]LogTemp:Warning: DefaultPawn_BP_C_0 is on pressure plate
[2017.09.08-16.58.23:862][730]LogTemp:Warning: SM_Chair2_5 is on pressure plate
[2017.09.08-16.58.23:880][731]LogTemp:Warning: DefaultPawn_BP_C_0 is on pressure plate
[2017.09.08-16.58.23:880][731]LogTemp:Warning: SM_Chair2_5 is on pressure plate
[2017.09.08-16.58.23:897][732]LogTemp:Warning: DefaultPawn_BP_C_0 is on pressure plate
[2017.09.08-16.58.23:897][732]LogTemp:Warning: SM_Chair2_5 is on pressure plate
[2017.09.08-16.58.23:915][733]LogTemp:Warning: DefaultPawn_BP_C_0 is on pressure plate
[2017.09.08-16.58.23:915][733]LogTemp:Warning: SM_Chair2_5 is on pressure plate
[2017.09.08-16.58.23:933][734]LogTemp:Warning: DefaultPawn_BP_C_0 is on pressure plate
[2017.09.08-16.58.23:933][734]LogTemp:Warning: SM_Chair2_5 is on pressure plate
[2017.09.08-16.58.23:951][735]LogTemp:Warning: DefaultPawn_BP_C_0 is on pressure plate
[2017.09.08-16.58.23:951][735]LogTemp:Warning: SM_Chair2_5 is on pressure plate
[2017.09.08-16.58.23:969][736]LogTemp:Warning: DefaultPawn_BP_C_0 is on pressure plate
[2017.09.08-16.58.23:969][736]LogTemp:Warning: SM_Chair2_5 is on pressure plate
[2017.09.08-16.58.23:988][737]LogTemp:Warning: DefaultPawn_BP_C_0 is on pressure plate
[2017.09.08-16.58.23:988][737]LogTemp:Warning: SM_Chair2_5 is on pressure plate
[2017.09.08-16.58.24:004][738]LogTemp:Warning: DefaultPawn_BP_C_0 is on pressure plate
[2017.09.08-16.58.24:004][738]LogTemp:Warning: SM_Chair2_5 is on pressure plate
[2017.09.08-16.58.24:022][739]LogTemp:Warning: DefaultPawn_BP_C_0 is on pressure plate
[2017.09.08-16.58.24:022][739]LogTemp:Warning: SM_Chair2_5 is on pressure plate
[2017.09.08-16.58.24:041][740]LogTemp:Warning: DefaultPawn_BP_C_0 is on pressure plate
[2017.09.08-16.58.24:041][740]LogTemp:Warning: SM_Chair2_5 is on pressure plate
[2017.09.08-16.58.24:060][741]LogTemp:Warning: DefaultPawn_BP_C_0 is on pressure plate
[2017.09.08-16.58.24:061][741]LogTemp:Warning: SM_Chair2_5 is on pressure plate
[2017.09.08-16.58.24:078][742]LogTemp:Warning: DefaultPawn_BP_C_0 is on pressure plate
[2017.09.08-16.58.24:078][742]LogTemp:Warning: SM_Chair2_5 is on pressure plate
[2017.09.08-16.58.24:096][743]LogTemp:Warning: DefaultPawn_BP_C_0 is on pressure plate
[2017.09.08-16.58.24:096][743]LogTemp:Warning: SM_Chair2_5 is on pressure plate
[2017.09.08-16.58.24:119][744]LogTemp:Warning: DefaultPawn_BP_C_0 is on pressure plate
[2017.09.08-16.58.24:136][745]LogTemp:Warning: DefaultPawn_BP_C_0 is on pressure plate
[2017.09.08-16.58.24:153][746]LogTemp:Warning: DefaultPawn_BP_C_0 is on pressure plate
[2017.09.08-16.58.24:172][747]LogTemp:Warning: DefaultPawn_BP_C_0 is on pressure plate
[2017.09.08-16.58.24:192][748]LogTemp:Warning: DefaultPawn_BP_C_0 is on pressure plate
[2017.09.08-16.58.24:212][749]LogTemp:Warning: DefaultPawn_BP_C_0 is on pressure plate
[2017.09.08-16.58.28:559][990]LogTemp:Warning: Grab Released
[2017.09.08-16.58.31:609][163]LogTemp:Warning: Grab Pressed
[2017.09.08-16.58.37:338][478]LogTemp:Warning: SM_Chair2_5 is on pressure plate
[2017.09.08-16.58.37:356][479]LogTemp:Warning: SM_Chair2_5 is on pressure plate
[2017.09.08-16.58.37:373][480]LogTemp:Warning: SM_Chair2_5 is on pressure plate
[2017.09.08-16.58.37:373][480]LogTemp:Warning: DefaultPawn_BP_C_0 is on pressure plate
[2017.09.08-16.58.37:391][481]LogTemp:Warning: SM_Chair2_5 is on pressure plate
[2017.09.08-16.58.37:391][481]LogTemp:Warning: DefaultPawn_BP_C_0 is on pressure plate
[2017.09.08-16.58.37:409][482]LogTemp:Warning: SM_Chair2_5 is on pressure plate
[2017.09.08-16.58.37:409][482]LogTemp:Warning: DefaultPawn_BP_C_0 is on pressure plate
[2017.09.08-16.58.37:428][483]LogTemp:Warning: SM_Chair2_5 is on pressure plate
[2017.09.08-16.58.37:428][483]LogTemp:Warning: DefaultPawn_BP_C_0 is on pressure plate
[2017.09.08-16.58.37:445][484]LogTemp:Warning: SM_Chair2_5 is on pressure plate
[2017.09.08-16.58.37:445][484]LogTemp:Warning: DefaultPawn_BP_C_0 is on pressure plate
[2017.09.08-16.58.37:462][485]LogTemp:Warning: SM_Chair2_5 is on pressure plate
[2017.09.08-16.58.37:462][485]LogTemp:Warning: DefaultPawn_BP_C_0 is on pressure plate
[2017.09.08-16.58.37:480][486]LogTemp:Warning: SM_Chair2_5 is on pressure plate
[2017.09.08-16.58.37:480][486]LogTemp:Warning: DefaultPawn_BP_C_0 is on pressure plate
[2017.09.08-16.58.37:499][487]LogTemp:Warning: SM_Chair2_5 is on pressure plate
[2017.09.08-16.58.37:499][487]LogTemp:Warning: DefaultPawn_BP_C_0 is on pressure plate
[2017.09.08-16.58.37:517][488]LogTemp:Warning: SM_Chair2_5 is on pressure plate
[2017.09.08-16.58.37:517][488]LogTemp:Warning: DefaultPawn_BP_C_0 is on pressure plate
[2017.09.08-16.58.37:535][489]LogTemp:Warning: SM_Chair2_5 is on pressure plate
[2017.09.08-16.58.37:535][489]LogTemp:Warning: DefaultPawn_BP_C_0 is on pressure plate
[2017.09.08-16.58.37:554][490]LogTemp:Warning: SM_Chair2_5 is on pressure plate
[2017.09.08-16.58.37:554][490]LogTemp:Warning: DefaultPawn_BP_C_0 is on pressure plate
[2017.09.08-16.58.37:572][491]LogTemp:Warning: SM_Chair2_5 is on pressure plate
[2017.09.08-16.58.37:572][491]LogTemp:Warning: DefaultPawn_BP_C_0 is on pressure plate
[2017.09.08-16.58.37:589][492]LogTemp:Warning: SM_Chair2_5 is on pressure plate
[2017.09.08-16.58.37:589][492]LogTemp:Warning: DefaultPawn_BP_C_0 is on pressure plate
[2017.09.08-16.58.37:607][493]LogTemp:Warning: SM_Chair2_5 is on pressure plate
[2017.09.08-16.58.37:607][493]LogTemp:Warning: DefaultPawn_BP_C_0 is on pressure plate
[2017.09.08-16.58.37:625][494]LogTemp:Warning: SM_Chair2_5 is on pressure plate
[2017.09.08-16.58.37:625][494]LogTemp:Warning: DefaultPawn_BP_C_0 is on pressure plate
[2017.09.08-16.58.37:644][495]LogTemp:Warning: SM_Chair2_5 is on pressure plate
[2017.09.08-16.58.37:644][495]LogTemp:Warning: DefaultPawn_BP_C_0 is on pressure plate
[2017.09.08-16.58.37:662][496]LogTemp:Warning: SM_Chair2_5 is on pressure plate
[2017.09.08-16.58.37:662][496]LogTemp:Warning: DefaultPawn_BP_C_0 is on pressure plate
[2017.09.08-16.58.37:679][497]LogTemp:Warning: SM_Chair2_5 is on pressure plate
[2017.09.08-16.58.37:679][497]LogTemp:Warning: DefaultPawn_BP_C_0 is on pressure plate
[2017.09.08-16.58.37:697][498]LogTemp:Warning: SM_Chair2_5 is on pressure plate
[2017.09.08-16.58.37:697][498]LogTemp:Warning: DefaultPawn_BP_C_0 is on pressure plate
[2017.09.08-16.58.37:714][499]LogTemp:Warning: SM_Chair2_5 is on pressure plate
[2017.09.08-16.58.37:714][499]LogTemp:Warning: DefaultPawn_BP_C_0 is on pressure plate
[2017.09.08-16.58.37:733][500]LogTemp:Warning: SM_Chair2_5 is on pressure plate
[2017.09.08-16.58.37:733][500]LogTemp:Warning: DefaultPawn_BP_C_0 is on pressure plate
[2017.09.08-16.58.37:761][501]LogTemp:Warning: SM_Chair2_5 is on pressure plate
[2017.09.08-16.58.37:761][501]LogTemp:Warning: DefaultPawn_BP_C_0 is on pressure plate
[2017.09.08-16.58.37:771][502]LogTemp:Warning: SM_Chair2_5 is on pressure plate
[2017.09.08-16.58.37:771][502]LogTemp:Warning: DefaultPawn_BP_C_0 is on pressure plate
[2017.09.08-16.58.37:787][503]LogTemp:Warning: SM_Chair2_5 is on pressure plate
[2017.09.08-16.58.37:787][503]LogTemp:Warning: DefaultPawn_BP_C_0 is on pressure plate
[2017.09.08-16.58.37:805][504]LogTemp:Warning: SM_Chair2_5 is on pressure plate
[2017.09.08-16.58.37:805][504]LogTemp:Warning: DefaultPawn_BP_C_0 is on pressure plate
[2017.09.08-16.58.37:823][505]LogTemp:Warning: SM_Chair2_5 is on pressure plate
[2017.09.08-16.58.37:823][505]LogTemp:Warning: DefaultPawn_BP_C_0 is on pressure plate
[2017.09.08-16.58.37:840][506]LogTemp:Warning: SM_Chair2_5 is on pressure plate
[2017.09.08-16.58.37:841][506]LogTemp:Warning: DefaultPawn_BP_C_0 is on pressure plate
[2017.09.08-16.58.37:858][507]LogTemp:Warning: SM_Chair2_5 is on pressure plate
[2017.09.08-16.58.37:858][507]LogTemp:Warning: DefaultPawn_BP_C_0 is on pressure plate
[2017.09.08-16.58.37:876][508]LogTemp:Warning: SM_Chair2_5 is on pressure plate
[2017.09.08-16.58.37:876][508]LogTemp:Warning: DefaultPawn_BP_C_0 is on pressure plate
[2017.09.08-16.58.37:895][509]LogTemp:Warning: SM_Chair2_5 is on pressure plate
[2017.09.08-16.58.37:895][509]LogTemp:Warning: DefaultPawn_BP_C_0 is on pressure plate
[2017.09.08-16.58.37:912][510]LogTemp:Warning: SM_Chair2_5 is on pressure plate
[2017.09.08-16.58.37:912][510]LogTemp:Warning: DefaultPawn_BP_C_0 is on pressure plate
[2017.09.08-16.58.37:930][511]LogTemp:Warning: SM_Chair2_5 is on pressure plate
[2017.09.08-16.58.37:930][511]LogTemp:Warning: DefaultPawn_BP_C_0 is on pressure plate
[2017.09.08-16.58.37:948][512]LogTemp:Warning: SM_Chair2_5 is on pressure plate
[2017.09.08-16.58.37:948][512]LogTemp:Warning: DefaultPawn_BP_C_0 is on pressure plate
[2017.09.08-16.58.37:965][513]LogTemp:Warning: SM_Chair2_5 is on pressure plate
[2017.09.08-16.58.37:965][513]LogTemp:Warning: DefaultPawn_BP_C_0 is on pressure plate
[2017.09.08-16.58.37:982][514]LogTemp:Warning: SM_Chair2_5 is on pressure plate
[2017.09.08-16.58.37:982][514]LogTemp:Warning: DefaultPawn_BP_C_0 is on pressure plate
[2017.09.08-16.58.38:000][515]LogTemp:Warning: SM_Chair2_5 is on pressure plate
[2017.09.08-16.58.38:000][515]LogTemp:Warning: DefaultPawn_BP_C_0 is on pressure plate
[2017.09.08-16.58.38:018][516]LogTemp:Warning: SM_Chair2_5 is on pressure plate
[2017.09.08-16.58.38:018][516]LogTemp:Warning: DefaultPawn_BP_C_0 is on pressure plate
[2017.09.08-16.58.38:037][517]LogTemp:Warning: SM_Chair2_5 is on pressure plate
[2017.09.08-16.58.38:037][517]LogTemp:Warning: DefaultPawn_BP_C_0 is on pressure plate
[2017.09.08-16.58.38:056][518]LogTemp:Warning: SM_Chair2_5 is on pressure plate
[2017.09.08-16.58.38:056][518]LogTemp:Warning: DefaultPawn_BP_C_0 is on pressure plate
[2017.09.08-16.58.38:074][519]LogTemp:Warning: SM_Chair2_5 is on pressure plate
[2017.09.08-16.58.38:074][519]LogTemp:Warning: DefaultPawn_BP_C_0 is on pressure plate
[2017.09.08-16.58.38:091][520]LogTemp:Warning: SM_Chair2_5 is on pressure plate
[2017.09.08-16.58.38:091][520]LogTemp:Warning: DefaultPawn_BP_C_0 is on pressure plate
[2017.09.08-16.58.38:110][521]LogTemp:Warning: SM_Chair2_5 is on pressure plate
[2017.09.08-16.58.38:110][521]LogTemp:Warning: DefaultPawn_BP_C_0 is on pressure plate
[2017.09.08-16.58.38:128][522]LogTemp:Warning: SM_Chair2_5 is on pressure plate
[2017.09.08-16.58.38:128][522]LogTemp:Warning: DefaultPawn_BP_C_0 is on pressure plate
[2017.09.08-16.58.38:144][523]LogTemp:Warning: SM_Chair2_5 is on pressure plate
[2017.09.08-16.58.38:144][523]LogTemp:Warning: DefaultPawn_BP_C_0 is on pressure plate
[2017.09.08-16.58.38:162][524]LogTemp:Warning: SM_Chair2_5 is on pressure plate
[2017.09.08-16.58.38:162][524]LogTemp:Warning: DefaultPawn_BP_C_0 is on pressure plate
[2017.09.08-16.58.38:179][525]LogTemp:Warning: SM_Chair2_5 is on pressure plate
[2017.09.08-16.58.38:179][525]LogTemp:Warning: DefaultPawn_BP_C_0 is on pressure plate
[2017.09.08-16.58.38:198][526]LogTemp:Warning: SM_Chair2_5 is on pressure plate
[2017.09.08-16.58.38:198][526]LogTemp:Warning: DefaultPawn_BP_C_0 is on pressure plate
[2017.09.08-16.58.38:217][527]LogTemp:Warning: SM_Chair2_5 is on pressure plate
[2017.09.08-16.58.38:217][527]LogTemp:Warning: DefaultPawn_BP_C_0 is on pressure plate
[2017.09.08-16.58.38:234][528]LogTemp:Warning: SM_Chair2_5 is on pressure plate
[2017.09.08-16.58.38:234][528]LogTemp:Warning: DefaultPawn_BP_C_0 is on pressure plate
[2017.09.08-16.58.38:252][529]LogTemp:Warning: SM_Chair2_5 is on pressure plate
[2017.09.08-16.58.38:252][529]LogTemp:Warning: DefaultPawn_BP_C_0 is on pressure plate
[2017.09.08-16.58.38:271][530]LogTemp:Warning: SM_Chair2_5 is on pressure plate
[2017.09.08-16.58.38:271][530]LogTemp:Warning: DefaultPawn_BP_C_0 is on pressure plate
[2017.09.08-16.58.38:289][531]LogTemp:Warning: SM_Chair2_5 is on pressure plate
[2017.09.08-16.58.38:289][531]LogTemp:Warning: DefaultPawn_BP_C_0 is on pressure plate
[2017.09.08-16.58.38:307][532]LogTemp:Warning: SM_Chair2_5 is on pressure plate
[2017.09.08-16.58.38:307][532]LogTemp:Warning: DefaultPawn_BP_C_0 is on pressure plate
[2017.09.08-16.58.38:325][533]LogTemp:Warning: SM_Chair2_5 is on pressure plate
[2017.09.08-16.58.38:325][533]LogTemp:Warning: DefaultPawn_BP_C_0 is on pressure plate
[2017.09.08-16.58.38:343][534]LogTemp:Warning: SM_Chair2_5 is on pressure plate
[2017.09.08-16.58.38:344][534]LogTemp:Warning: DefaultPawn_BP_C_0 is on pressure plate
[2017.09.08-16.58.38:361][535]LogTemp:Warning: SM_Chair2_5 is on pressure plate
[2017.09.08-16.58.38:362][535]LogTemp:Warning: DefaultPawn_BP_C_0 is on pressure plate
[2017.09.08-16.58.38:378][536]LogTemp:Warning: SM_Chair2_5 is on pressure plate
[2017.09.08-16.58.38:378][536]LogTemp:Warning: DefaultPawn_BP_C_0 is on pressure plate
[2017.09.08-16.58.38:396][537]LogTemp:Warning: SM_Chair2_5 is on pressure plate
[2017.09.08-16.58.38:396][537]LogTemp:Warning: DefaultPawn_BP_C_0 is on pressure plate
[2017.09.08-16.58.38:414][538]LogTemp:Warning: SM_Chair2_5 is on pressure plate
[2017.09.08-16.58.38:414][538]LogTemp:Warning: DefaultPawn_BP_C_0 is on pressure plate
[2017.09.08-16.58.38:432][539]LogTemp:Warning: SM_Chair2_5 is on pressure plate
[2017.09.08-16.58.38:432][539]LogTemp:Warning: DefaultPawn_BP_C_0 is on pressure plate
[2017.09.08-16.58.38:450][540]LogTemp:Warning: SM_Chair2_5 is on pressure plate
[2017.09.08-16.58.38:468][541]LogTemp:Warning: SM_Chair2_5 is on pressure plate
[2017.09.08-16.58.38:740][556]LogTemp:Warning: Grab Released
[2017.09.08-16.58.39:627][605]LogTemp:Warning: Grab Pressed
[2017.09.08-16.58.39:945][623]LogTemp:Warning: Grab Released
[2017.09.08-16.58.41:829][730]LogTemp:Warning: Grab Pressed
[2017.09.08-16.58.42:351][760]LogTemp:Warning: Grab Released
[2017.09.08-16.58.43:369][818]LogTemp:Warning: Grab Pressed
[2017.09.08-16.58.43:765][841]LogTemp:Warning: Grab Released
[2017.09.08-16.58.44:940][910]LogTemp:Warning: Grab Pressed
[2017.09.08-16.58.45:434][939]LogTemp:Warning: Grab Released
[2017.09.08-16.58.46:391][993]LogTemp:Warning: Grab Pressed
[2017.09.08-16.58.46:675][  9]LogTemp:Warning: Grab Released
[2017.09.09-00.40.54:377][710]Cmd: QUIT_EDITOR
[2017.09.09-00.40.55:068][710]LogWindowsTextInputMethodSystem:Display: IME system now deactivated.
[2017.09.09-00.40.55:069][710]LogWindowsTextInputMethodSystem:Display: IME system now deactivated.
[2017.09.09-00.40.55:136][710]LogExit: Preparing to exit.
[2017.09.09-00.40.57:459][710]LogExit: Editor shut down
[2017.09.09-00.40.57:595][710]LogExit: Transaction tracking system shut down
[2017.09.09-00.40.58:126][710]LogObj: Freed 0b from 0 cluster array pools.
[2017.09.09-00.40.58:127][710]LogExit: Object subsystem successfully closed.
[2017.09.09-00.40.58:226][710]LogD3D11RHI: Shutdown
[2017.09.09-00.40.58:227][710]LogD3D11RHI: CleanupD3DDevice
[2017.09.09-00.40.58:417][710]LogD3D11RHI: ~FD3D11DynamicRHI
[2017.09.09-00.40.58:548][710]LogModuleManager: Shutting down and abandoning module MovieSceneCapture (529)
[2017.09.09-00.40.58:548][710]LogModuleManager: Shutting down and abandoning module Building_Escape2 (527)
[2017.09.09-00.40.58:548][710]LogModuleManager: Shutting down and abandoning module HierarchicalLODOutliner (526)
[2017.09.09-00.40.58:550][710]LogModuleManager: Shutting down and abandoning module CrashTracker (524)
[2017.09.09-00.40.58:552][710]LogModuleManager: Shutting down and abandoning module SceneOutliner (522)
[2017.09.09-00.40.58:552][710]LogModuleManager: Shutting down and abandoning module AddContentDialog (520)
[2017.09.09-00.40.58:553][710]LogDirectoryWatcher: A directory notification for 'C:/Program Files/Epic Games/UE_4.16/FeaturePacks/' was aborted.
[2017.09.09-00.40.58:591][710]LogModuleManager: Shutting down and abandoning module WidgetCarousel (519)
[2017.09.09-00.40.58:591][710]LogModuleManager: Shutting down and abandoning module EditorWidgets (516)
[2017.09.09-00.40.58:591][710]LogModuleManager: Shutting down and abandoning module CollectionManager (514)
[2017.09.09-00.40.58:591][710]LogDirectoryWatcher: A directory notification for 'E:/Documents/Developer Projects/Repositories/Unreal Section 3 - Building Escape/Building_Escape2/Content/Collections/' was aborted.
[2017.09.09-00.40.58:591][710]LogDirectoryWatcher: A directory notification for 'E:/Documents/Developer Projects/Repositories/Unreal Section 3 - Building Escape/Building_Escape2/Content/Developers/Ozan/Collections/' was aborted.
[2017.09.09-00.40.58:591][710]LogDirectoryWatcher: A directory notification for 'E:/Documents/Developer Projects/Repositories/Unreal Section 3 - Building Escape/Building_Escape2/Saved/Collections/' was aborted.
[2017.09.09-00.40.58:591][710]LogModuleManager: Shutting down and abandoning module StatsViewer (512)
[2017.09.09-00.40.58:593][710]LogModuleManager: Shutting down and abandoning module FoliageEdit (510)
[2017.09.09-00.40.58:593][710]LogModuleManager: Shutting down and abandoning module LandscapeEditor (508)
[2017.09.09-00.40.58:597][710]LogModuleManager: Shutting down and abandoning module MeshPaintMode (506)
[2017.09.09-00.40.58:599][710]LogModuleManager: Shutting down and abandoning module SceneDepthPickerMode (504)
[2017.09.09-00.40.58:599][710]LogModuleManager: Shutting down and abandoning module ActorPickerMode (502)
[2017.09.09-00.40.58:599][710]LogModuleManager: Shutting down and abandoning module GeometryMode (500)
[2017.09.09-00.40.58:599][710]LogModuleManager: Shutting down and abandoning module TextureAlignMode (498)
[2017.09.09-00.40.58:599][710]LogModuleManager: Shutting down and abandoning module BspMode (496)
[2017.09.09-00.40.58:599][710]LogModuleManager: Shutting down and abandoning module HardwareSurvey (494)
[2017.09.09-00.40.58:600][710]LogModuleManager: Shutting down and abandoning module SequenceRecorderSections (492)
[2017.09.09-00.40.58:600][710]LogModuleManager: Shutting down and abandoning module AutomationWorker (490)
[2017.09.09-00.40.58:601][710]LogModuleManager: Shutting down and abandoning module MatineeToLevelSequence (488)
[2017.09.09-00.40.58:602][710]LogModuleManager: Shutting down and abandoning module LevelSequenceEditor (486)
[2017.09.09-00.40.58:607][710]LogModuleManager: Shutting down and abandoning module PlacementMode (485)
[2017.09.09-00.40.58:607][710]LogModuleManager: Shutting down and abandoning module WmfMediaFactory (482)
[2017.09.09-00.40.58:607][710]LogModuleManager: Shutting down and abandoning module WmfMediaEditor (480)
[2017.09.09-00.40.58:607][710]LogModuleManager: Shutting down and abandoning module AvfMediaFactory (478)
[2017.09.09-00.40.58:607][710]LogModuleManager: Shutting down and abandoning module AvfMediaEditor (476)
[2017.09.09-00.40.58:607][710]LogModuleManager: Shutting down and abandoning module AndroidMediaFactory (474)
[2017.09.09-00.40.58:608][710]LogModuleManager: Shutting down and abandoning module Media (473)
[2017.09.09-00.40.58:608][710]LogModuleManager: Shutting down and abandoning module AndroidMediaEditor (470)
[2017.09.09-00.40.58:608][710]LogModuleManager: Shutting down and abandoning module CharacterAI (468)
[2017.09.09-00.40.58:608][710]LogModuleManager: Shutting down and abandoning module AudioCapture (466)
[2017.09.09-00.40.58:608][710]LogModuleManager: Shutting down and abandoning module SequenceRecorder (465)
[2017.09.09-00.40.58:610][710]LogModuleManager: Shutting down and abandoning module SmartSnapping (462)
[2017.09.09-00.40.58:610][710]LogModuleManager: Shutting down and abandoning module SessionServices (460)
[2017.09.09-00.40.58:610][710]LogModuleManager: Shutting down and abandoning module ViewportSnapping (458)
[2017.09.09-00.40.58:610][710]LogModuleManager: Shutting down and abandoning module ViewportInteraction (456)
[2017.09.09-00.40.58:610][710]LogModuleManager: Shutting down and abandoning module ClothPainter (454)
[2017.09.09-00.40.58:613][710]LogModuleManager: Shutting down and abandoning module LogVisualizer (452)
[2017.09.09-00.40.58:617][710]LogModuleManager: Shutting down and abandoning module IntroTutorials (450)
[2017.09.09-00.40.58:620][710]LogModuleManager: Shutting down and abandoning module GameProjectGeneration (449)
[2017.09.09-00.40.58:622][710]LogModuleManager: Shutting down and abandoning module EditorLiveStreaming (446)
[2017.09.09-00.40.58:622][710]LogModuleManager: Shutting down and abandoning module IOSPlatformEditor (444)
[2017.09.09-00.40.58:624][710]LogModuleManager: Shutting down and abandoning module HTML5PlatformEditor (442)
[2017.09.09-00.40.58:624][710]LogModuleManager: Shutting down and abandoning module AndroidPlatformEditor (440)
[2017.09.09-00.40.58:625][710]LogModuleManager: Shutting down and abandoning module AndroidDeviceDetection (439)
[2017.09.09-00.40.59:046][710]LogModuleManager: Shutting down and abandoning module IOSRuntimeSettings (436)
[2017.09.09-00.40.59:046][710]LogModuleManager: Shutting down and abandoning module AndroidRuntimeSettings (434)
[2017.09.09-00.40.59:046][710]LogModuleManager: Shutting down and abandoning module InputBindingEditor (432)
[2017.09.09-00.40.59:047][710]LogModuleManager: Shutting down and abandoning module MergeActors (430)
[2017.09.09-00.40.59:047][710]LogModuleManager: Shutting down and abandoning module SizeMap (428)
[2017.09.09-00.40.59:048][710]LogModuleManager: Shutting down and abandoning module TreeMap (426)
[2017.09.09-00.40.59:050][710]LogModuleManager: Shutting down and abandoning module ReferenceViewer (424)
[2017.09.09-00.40.59:050][710]LogModuleManager: Shutting down and abandoning module LocalizationDashboard (422)
[2017.09.09-00.40.59:053][710]LogModuleManager: Shutting down and abandoning module LocalizationService (421)
[2017.09.09-00.40.59:054][710]LogModuleManager: Shutting down and abandoning module HardwareTargeting (418)
[2017.09.09-00.40.59:054][710]LogModuleManager: Shutting down and abandoning module DeviceProfileEditor (416)
[2017.09.09-00.40.59:054][710]LogModuleManager: Shutting down and abandoning module UndoHistory (414)
[2017.09.09-00.40.59:055][710]LogModuleManager: Shutting down and abandoning module UserFeedback (412)
[2017.09.09-00.40.59:055][710]LogModuleManager: Shutting down and abandoning module XmlParser (410)
[2017.09.09-00.40.59:056][710]LogModuleManager: Shutting down and abandoning module Blutility (408)
[2017.09.09-00.40.59:056][710]LogModuleManager: Shutting down and abandoning module ProjectSettingsViewer (406)
[2017.09.09-00.40.59:056][710]LogModuleManager: Shutting down and abandoning module ProjectTargetPlatformEditor (405)
[2017.09.09-00.40.59:058][710]LogModuleManager: Shutting down and abandoning module EditorSettingsViewer (402)
[2017.09.09-00.40.59:058][710]LogModuleManager: Shutting down and abandoning module SettingsEditor (400)
[2017.09.09-00.40.59:060][710]LogModuleManager: Shutting down and abandoning module ProjectLauncher (398)
[2017.09.09-00.40.59:061][710]LogModuleManager: Shutting down and abandoning module SessionFrontend (396)
[2017.09.09-00.40.59:062][710]LogModuleManager: Shutting down and abandoning module ProfilerClient (394)
[2017.09.09-00.40.59:062][710]LogModuleManager: Shutting down and abandoning module DeviceManager (392)
[2017.09.09-00.40.59:063][710]LogModuleManager: Shutting down and abandoning module TargetDeviceServices (391)
[2017.09.09-00.40.59:135][710]LogModuleManager: Shutting down and abandoning module AutomationController (388)
[2017.09.09-00.40.59:136][710]LogModuleManager: Shutting down and abandoning module AutomationWindow (386)
[2017.09.09-00.40.59:137][710]LogModuleManager: Shutting down and abandoning module Layers (384)
[2017.09.09-00.40.59:140][710]LogModuleManager: Shutting down and abandoning module ComponentVisualizers (382)
[2017.09.09-00.40.59:140][710]LogModuleManager: Shutting down and abandoning module DetailCustomizations (380)
[2017.09.09-00.40.59:142][710]LogModuleManager: Shutting down and abandoning module PackagesDialog (378)
[2017.09.09-00.40.59:143][710]LogModuleManager: Shutting down and abandoning module Persona (376)
[2017.09.09-00.40.59:145][710]LogModuleManager: Shutting down and abandoning module AdvancedPreviewScene (375)
[2017.09.09-00.40.59:145][710]LogModuleManager: Shutting down and abandoning module AnimGraph (373)
[2017.09.09-00.40.59:145][710]LogModuleManager: Shutting down and abandoning module Kismet (370)
[2017.09.09-00.40.59:148][710]LogModuleManager: Shutting down and abandoning module ClassViewer (368)
[2017.09.09-00.40.59:148][710]LogModuleManager: Shutting down and abandoning module Toolbox (366)
[2017.09.09-00.40.59:148][710]LogModuleManager: Shutting down and abandoning module ModuleUI (364)
[2017.09.09-00.40.59:149][710]LogModuleManager: Shutting down and abandoning module MovieSceneTools (362)
[2017.09.09-00.40.59:152][710]LogModuleManager: Shutting down and abandoning module OutputLog (360)
[2017.09.09-00.40.59:152][710]LogModuleManager: Shutting down and abandoning module GammaUI (358)
[2017.09.09-00.40.59:153][710]LogModuleManager: Shutting down and abandoning module Documentation (356)
[2017.09.09-00.40.59:153][710]LogModuleManager: Shutting down and abandoning module MovieSceneTracks (354)
[2017.09.09-00.40.59:153][710]LogModuleManager: Shutting down and abandoning module MovieScene (352)
[2017.09.09-00.40.59:153][710]LogModuleManager: Shutting down and abandoning module Niagara (350)
[2017.09.09-00.40.59:153][710]LogModuleManager: Shutting down and abandoning module NiagaraEditor (349)
[2017.09.09-00.40.59:156][710]LogModuleManager: Shutting down and abandoning module StreamingPauseRendering (346)
[2017.09.09-00.40.59:156][710]LogModuleManager: Shutting down and abandoning module AnalyticsET (344)
[2017.09.09-00.40.59:156][710]LogModuleManager: Shutting down and abandoning module PortalServices (342)
[2017.09.09-00.40.59:156][710]LogModuleManager: Shutting down and abandoning module PortalRpc (340)
[2017.09.09-00.40.59:156][710]LogModuleManager: Shutting down and abandoning module MessagingRpc (338)
[2017.09.09-00.40.59:156][710]LogModuleManager: Shutting down and abandoning module AIModule (336)
[2017.09.09-00.40.59:156][710]LogModuleManager: Shutting down and abandoning module GameplayDebugger (335)
[2017.09.09-00.40.59:156][710]LogModuleManager: Shutting down and abandoning module AITestSuite (333)
[2017.09.09-00.40.59:157][710]LogModuleManager: Shutting down and abandoning module ProfilerService (330)
[2017.09.09-00.40.59:346][710]LogModuleManager: Shutting down and abandoning module TaskGraph (328)
[2017.09.09-00.40.59:347][710]LogModuleManager: Shutting down and abandoning module SteamVRController (326)
[2017.09.09-00.40.59:347][710]LogModuleManager: Shutting down and abandoning module SteamVR (324)
[2017.09.09-00.40.59:347][710]LogModuleManager: Shutting down and abandoning module ProceduralMeshComponentEditor (322)
[2017.09.09-00.40.59:347][710]LogModuleManager: Shutting down and abandoning module ProceduralMeshComponent (320)
[2017.09.09-00.40.59:348][710]LogModuleManager: Shutting down and abandoning module OculusLibrary (318)
[2017.09.09-00.40.59:348][710]LogModuleManager: Shutting down and abandoning module OculusInput (316)
[2017.09.09-00.40.59:348][710]LogModuleManager: Shutting down and abandoning module MobilePatchingUtils (314)
[2017.09.09-00.40.59:348][710]LogModuleManager: Shutting down and abandoning module CustomMeshComponent (312)
[2017.09.09-00.40.59:348][710]LogModuleManager: Shutting down and abandoning module CableComponent (310)
[2017.09.09-00.40.59:348][710]LogModuleManager: Shutting down and abandoning module ArchVisCharacter (308)
[2017.09.09-00.40.59:348][710]LogModuleManager: Shutting down and abandoning module AndroidPermission (306)
[2017.09.09-00.40.59:348][710]LogModuleManager: Shutting down and abandoning module MediaPlayerEditor (302)
[2017.09.09-00.40.59:350][710]LogModuleManager: Shutting down and abandoning module HTML5Networking (300)
[2017.09.09-00.40.59:350][710]LogModuleManager: Shutting down and abandoning module AlembicImporter (298)
[2017.09.09-00.40.59:351][710]LogModuleManager: Shutting down and abandoning module AlembicLibrary (297)
[2017.09.09-00.40.59:351][710]LogModuleManager: Shutting down and abandoning module GeometryCache (296)
[2017.09.09-00.40.59:352][710]LogModuleManager: Shutting down and abandoning module GeometryCacheEd (295)
[2017.09.09-00.40.59:352][710]LogModuleManager: Shutting down and abandoning module SuperSearchEditor (290)
[2017.09.09-00.40.59:352][710]LogModuleManager: Shutting down and abandoning module SuperSearch (289)
[2017.09.09-00.40.59:352][710]LogModuleManager: Shutting down and abandoning module SpeedTreeImporter (286)
[2017.09.09-00.40.59:352][710]LogModuleManager: Shutting down and abandoning module PluginBrowser (284)
[2017.09.09-00.40.59:353][710]LogModuleManager: Shutting down and abandoning module MobileLauncherProfileWizard (282)
[2017.09.09-00.40.59:355][710]LogModuleManager: Shutting down and abandoning module VisualStudioSourceCodeAccess (280)
[2017.09.09-00.40.59:355][710]LogModuleManager: Shutting down and abandoning module DesktopPlatform (279)
[2017.09.09-00.40.59:356][710]LogModuleManager: Shutting down and abandoning module UObjectPlugin (276)
[2017.09.09-00.40.59:356][710]LogModuleManager: Shutting down and abandoning module SubversionSourceControl (274)
[2017.09.09-00.40.59:357][710]LogModuleManager: Shutting down and abandoning module PerforceSourceControl (272)
[2017.09.09-00.40.59:357][710]LogModuleManager: Shutting down and abandoning module GitSourceControl (270)
[2017.09.09-00.40.59:358][710]LogModuleManager: Shutting down and abandoning module SourceControl (269)
[2017.09.09-00.40.59:358][710]LogModuleManager: Shutting down and abandoning module LightPropagationVolumeEditor (266)
[2017.09.09-00.40.59:358][710]LogModuleManager: Shutting down and abandoning module PaperTiledImporter (264)
[2017.09.09-00.40.59:358][710]LogModuleManager: Shutting down and abandoning module PaperSpriteSheetImporter (262)
[2017.09.09-00.40.59:358][710]LogModuleManager: Shutting down and abandoning module Paper2DEditor (260)
[2017.09.09-00.40.59:359][710]LogModuleManager: Shutting down and abandoning module MeshPaint (259)
[2017.09.09-00.40.59:360][710]LogModuleManager: Shutting down and abandoning module LevelEditor (257)
[2017.09.09-00.40.59:364][710]LogModuleManager: Shutting down and abandoning module PixelInspectorModule (256)
[2017.09.09-00.40.59:364][710]LogModuleManager: Shutting down and abandoning module MainFrame (254)
[2017.09.09-00.40.59:364][710]LogModuleManager: Shutting down and abandoning module HotReload (253)
[2017.09.09-00.40.59:364][710]LogDirectoryWatcher: A directory notification for 'E:/Documents/Developer Projects/Repositories/Unreal Section 3 - Building Escape/Building_Escape2/Binaries/Win64' was aborted.
[2017.09.09-00.40.59:368][710]LogModuleManager: Shutting down and abandoning module PhysXVehiclesEditor (246)
[2017.09.09-00.40.59:369][710]LogModuleManager: Shutting down and abandoning module PhysXVehicles (244)
[2017.09.09-00.40.59:369][710]LogModuleManager: Shutting down and abandoning module LocationServicesBPLibrary (242)
[2017.09.09-00.40.59:369][710]LogModuleManager: Shutting down and abandoning module ImmediatePhysicsEditor (240)
[2017.09.09-00.40.59:369][710]LogModuleManager: Shutting down and abandoning module ImmediatePhysics (238)
[2017.09.09-00.40.59:369][710]LogModuleManager: Shutting down and abandoning module UdpMessaging (236)
[2017.09.09-00.40.59:470][710]LogModuleManager: Shutting down and abandoning module TcpMessaging (234)
[2017.09.09-00.40.59:571][710]LogModuleManager: Shutting down and abandoning module GameplayTagsEditor (232)
[2017.09.09-00.40.59:572][710]LogModuleManager: Shutting down and abandoning module FacialAnimationEditor (230)
[2017.09.09-00.40.59:572][710]LogModuleManager: Shutting down and abandoning module FacialAnimation (228)
[2017.09.09-00.40.59:572][710]LogModuleManager: Shutting down and abandoning module AssetManagerEditor (226)
[2017.09.09-00.40.59:573][710]LogModuleManager: Shutting down and abandoning module GraphEditor (225)
[2017.09.09-00.40.59:576][710]LogModuleManager: Shutting down and abandoning module ContentBrowser (223)
[2017.09.09-00.40.59:579][710]LogModuleManager: Shutting down and abandoning module LightPropagationVolumeRuntime (220)
[2017.09.09-00.40.59:579][710]LogModuleManager: Shutting down and abandoning module Paper2D (218)
[2017.09.09-00.40.59:579][710]LogModuleManager: Shutting down and abandoning module WindowsMoviePlayer (216)
[2017.09.09-00.40.59:580][710]LogModuleManager: Shutting down and abandoning module WmfMedia (214)
[2017.09.09-00.40.59:581][710]LogModuleManager: Shutting down and abandoning module ClothingSystemEditor (212)
[2017.09.09-00.40.59:581][710]LogModuleManager: Shutting down and abandoning module ClothingSystemRuntime (210)
[2017.09.09-00.40.59:582][710]LogModuleManager: Shutting down and abandoning module MediaAssets (208)
[2017.09.09-00.40.59:582][710]LogModuleManager: Shutting down and abandoning module GameLiveStreaming (206)
[2017.09.09-00.40.59:582][710]LogModuleManager: Shutting down and abandoning module VREditor (204)
[2017.09.09-00.40.59:583][710]LogModuleManager: Shutting down and abandoning module StringTableEditor (202)
[2017.09.09-00.40.59:584][710]LogModuleManager: Shutting down and abandoning module GameplayTasksEditor (200)
[2017.09.09-00.40.59:584][710]LogModuleManager: Shutting down and abandoning module BehaviorTreeEditor (198)
[2017.09.09-00.40.59:587][710]LogModuleManager: Shutting down and abandoning module FunctionalTesting (196)
[2017.09.09-00.40.59:587][710]LogModuleManager: Shutting down and abandoning module CollisionAnalyzer (194)
[2017.09.09-00.40.59:589][710]LogModuleManager: Shutting down and abandoning module UMG (192)
[2017.09.09-00.40.59:590][710]LogModuleManager: Shutting down and abandoning module UMGEditor (191)
[2017.09.09-00.40.59:592][710]LogModuleManager: Shutting down and abandoning module Sequencer (190)
[2017.09.09-00.40.59:594][710]LogModuleManager: Shutting down and abandoning module AssetTools (188)
[2017.09.09-00.40.59:600][710]LogModuleManager: Shutting down and abandoning module MessageLog (187)
[2017.09.09-00.40.59:601][710]LogModuleManager: Shutting down and abandoning module WorkspaceMenuStructure (186)
[2017.09.09-00.40.59:602][710]LogModuleManager: Shutting down and abandoning module SlateReflector (180)
[2017.09.09-00.40.59:605][710]LogModuleManager: Shutting down and abandoning module Slate (178)
[2017.09.09-00.40.59:605][710]LogModuleManager: Shutting down and abandoning module EditorStyle (176)
[2017.09.09-00.40.59:619][710]LogModuleManager: Shutting down and abandoning module SourceCodeAccess (174)
[2017.09.09-00.40.59:620][710]LogModuleManager: Shutting down and abandoning module HeadMountedDisplay (172)
[2017.09.09-00.40.59:620][710]LogModuleManager: Shutting down and abandoning module XAudio2 (170)
[2017.09.09-00.40.59:620][710]LogModuleManager: Shutting down and abandoning module Networking (168)
[2017.09.09-00.40.59:620][710]LogModuleManager: Shutting down and abandoning module Core (164)
[2017.09.09-00.40.59:620][710]LogModuleManager: Shutting down and abandoning module AssetRegistry (162)
[2017.09.09-00.40.59:822][710]LogDirectoryWatcher: A directory notification for '../../../Engine/Content/' was aborted.
[2017.09.09-00.40.59:822][710]LogDirectoryWatcher: A directory notification for 'E:/Documents/Developer Projects/Repositories/Unreal Section 3 - Building Escape/Building_Escape2/Content/' was aborted.
[2017.09.09-00.40.59:822][710]LogDirectoryWatcher: A directory notification for '../../../Engine/Plugins/2D/Paper2D/Content/' was aborted.
[2017.09.09-00.40.59:823][710]LogDirectoryWatcher: A directory notification for '../../../Engine/Plugins/Runtime/GearVR/Content/' was aborted.
[2017.09.09-00.40.59:831][710]LogModuleManager: Shutting down and abandoning module DirectoryWatcher (161)
[2017.09.09-00.40.59:839][710]LogModuleManager: Shutting down and abandoning module KismetCompiler (158)
[2017.09.09-00.40.59:839][710]LogModuleManager: Shutting down and abandoning module LevelSequence (156)
[2017.09.09-00.40.59:840][710]LogModuleManager: Shutting down and abandoning module PhysXFormats (154)
[2017.09.09-00.40.59:840][710]LogModuleManager: Shutting down and abandoning module MeshUtilities (152)
[2017.09.09-00.40.59:844][710]LogModuleManager: Shutting down and abandoning module SimplygonSwarm (151)
[2017.09.09-00.40.59:845][710]LogModuleManager: Shutting down and abandoning module SimplygonMeshReduction (149)
[2017.09.09-00.40.59:845][710]LogModuleManager: Shutting down and abandoning module QuadricMeshReduction (147)
[2017.09.09-00.40.59:845][710]LogModuleManager: Shutting down and abandoning module DerivedDataCache (144)
[2017.09.09-00.40.59:867][710]LogDerivedDataCache: Shutdown
[2017.09.09-00.40.59:867][710]LogModuleManager: Shutting down and abandoning module TargetPlatform (142)
[2017.09.09-00.40.59:869][710]LogModuleManager: Shutting down and abandoning module VulkanShaderFormat (141)
[2017.09.09-00.40.59:870][710]LogModuleManager: Shutting down and abandoning module ShaderFormatVectorVM (139)
[2017.09.09-00.40.59:871][710]LogModuleManager: Shutting down and abandoning module ShaderFormatOpenGL (137)
[2017.09.09-00.40.59:872][710]LogModuleManager: Shutting down and abandoning module ShaderFormatD3D (135)
[2017.09.09-00.40.59:873][710]LogModuleManager: Shutting down and abandoning module MetalShaderFormat (133)
[2017.09.09-00.40.59:873][710]LogModuleManager: Shutting down and abandoning module TextureFormatUncompressed (131)
[2017.09.09-00.40.59:873][710]LogModuleManager: Shutting down and abandoning module TextureFormatPVR (129)
[2017.09.09-00.40.59:874][710]LogModuleManager: Shutting down and abandoning module TextureFormatDXT (127)
[2017.09.09-00.40.59:874][710]LogModuleManager: Shutting down and abandoning module TextureFormatIntelISPCTexComp (125)
[2017.09.09-00.40.59:874][710]LogModuleManager: Shutting down and abandoning module TextureFormatASTC (123)
[2017.09.09-00.40.59:874][710]LogModuleManager: Shutting down and abandoning module ImageWrapper (122)
[2017.09.09-00.40.59:874][710]LogModuleManager: Shutting down and abandoning module TextureFormatAndroid (119)
[2017.09.09-00.40.59:874][710]LogModuleManager: Shutting down and abandoning module AudioFormatOpus (117)
[2017.09.09-00.40.59:874][710]LogModuleManager: Shutting down and abandoning module AudioFormatOgg (115)
[2017.09.09-00.40.59:874][710]LogModuleManager: Shutting down and abandoning module AudioFormatADPCM (113)
[2017.09.09-00.40.59:874][710]LogModuleManager: Shutting down and abandoning module LinuxTargetPlatform (111)
[2017.09.09-00.40.59:874][710]LogModuleManager: Shutting down and abandoning module LinuxServerTargetPlatform (109)
[2017.09.09-00.40.59:874][710]LogModuleManager: Shutting down and abandoning module LinuxNoEditorTargetPlatform (107)
[2017.09.09-00.40.59:875][710]LogModuleManager: Shutting down and abandoning module LinuxClientTargetPlatform (105)
[2017.09.09-00.40.59:875][710]LogModuleManager: Shutting down and abandoning module TVOSTargetPlatform (103)
[2017.09.09-00.40.59:875][710]LogModuleManager: Shutting down and abandoning module Messaging (101)
[2017.09.09-00.40.59:876][710]LogModuleManager: Shutting down and abandoning module IOSTargetPlatform (99)
[2017.09.09-00.40.59:876][710]LogModuleManager: Shutting down and abandoning module HTML5TargetPlatform (97)
[2017.09.09-00.40.59:876][710]LogModuleManager: Shutting down and abandoning module Android_PVRTCTargetPlatform (95)
[2017.09.09-00.40.59:876][710]LogModuleManager: Shutting down and abandoning module Android_MultiTargetPlatform (93)
[2017.09.09-00.40.59:876][710]LogModuleManager: Shutting down and abandoning module Android_ETC2TargetPlatform (91)
[2017.09.09-00.40.59:876][710]LogModuleManager: Shutting down and abandoning module Android_ETC1TargetPlatform (89)
[2017.09.09-00.40.59:876][710]LogModuleManager: Shutting down and abandoning module Android_DXTTargetPlatform (87)
[2017.09.09-00.40.59:876][710]LogModuleManager: Shutting down and abandoning module Android_ATCTargetPlatform (85)
[2017.09.09-00.40.59:877][710]LogModuleManager: Shutting down and abandoning module Android_ASTCTargetPlatform (83)
[2017.09.09-00.40.59:877][710]LogModuleManager: Shutting down and abandoning module AndroidTargetPlatform (81)
[2017.09.09-00.40.59:877][710]LogModuleManager: Shutting down and abandoning module WindowsTargetPlatform (79)
[2017.09.09-00.40.59:877][710]LogModuleManager: Shutting down and abandoning module WindowsServerTargetPlatform (77)
[2017.09.09-00.40.59:878][710]LogModuleManager: Shutting down and abandoning module WindowsNoEditorTargetPlatform (75)
[2017.09.09-00.40.59:878][710]LogModuleManager: Shutting down and abandoning module WindowsClientTargetPlatform (73)
[2017.09.09-00.40.59:879][710]LogModuleManager: Shutting down and abandoning module MacTargetPlatform (71)
[2017.09.09-00.40.59:879][710]LogModuleManager: Shutting down and abandoning module MacServerTargetPlatform (69)
[2017.09.09-00.40.59:879][710]LogModuleManager: Shutting down and abandoning module MacNoEditorTargetPlatform (67)
[2017.09.09-00.40.59:879][710]LogModuleManager: Shutting down and abandoning module MacClientTargetPlatform (65)
[2017.09.09-00.40.59:879][710]LogModuleManager: Shutting down and abandoning module AllDesktopTargetPlatform (63)
[2017.09.09-00.40.59:879][710]LogModuleManager: Shutting down and abandoning module InputCore (60)
[2017.09.09-00.40.59:879][710]LogModuleManager: Shutting down and abandoning module Settings (58)
[2017.09.09-00.40.59:879][710]LogModuleManager: Shutting down and abandoning module OculusRift (56)
[2017.09.09-00.40.59:879][710]LogModuleManager: Shutting down and abandoning module GearVRController (54)
[2017.09.09-00.40.59:879][710]LogModuleManager: Shutting down and abandoning module GearVR (52)
[2017.09.09-00.40.59:880][710]LogModuleManager: Shutting down and abandoning module ExampleDeviceProfileSelector (50)
[2017.09.09-00.40.59:880][710]LogModuleManager: Shutting down and abandoning module OnlineBlueprintSupport (48)
[2017.09.09-00.40.59:880][710]LogModuleManager: Shutting down and abandoning module OnlineSubsystem (44)
[2017.09.09-00.40.59:881][710]LogOnline:Display: Unloading online subsystem: NULL
[2017.09.09-00.40.59:883][710]LogModuleManager: Shutting down and abandoning module XMPP (43)
[2017.09.09-00.40.59:886][710]LogModuleManager: Shutting down and abandoning module HTTP (41)
[2017.09.09-00.40.59:886][710]LogHttp:Display: Http module shutting down, but needs to wait on 1 outstanding Http requests:
[2017.09.09-00.40.59:887][710]LogHttp:Display: 	verb=[POST] url=[https://datarouter.ol.epicgames.com/datarouter/api/v1/public/data?SessionID=%7BEB5E9BA0-4B40-6672-44F5-E589E41AE51C%7D&AppID=UEEditor.Rocket.Release&AppVersion=4.16.3-3561208%2B%2B%2BUE4%2BRelease-4.16&UserID=d565627a482fab8dd4da51891b656441%7C39f326aebd0c41a1bcbd5a523abd361e%7Cc224cf58-fb44-45e1-847b-ab6212fdd202&AppEnvironment=datacollector-binary&UploadType=eteventstream] status=Processing
[2017.09.09-00.40.59:891][710]LogModuleManager: Shutting down and abandoning module SSL (40)
[2017.09.09-00.40.59:896][710]LogModuleManager: Shutting down and abandoning module HTTPChunkInstaller (36)
[2017.09.09-00.40.59:897][710]LogModuleManager: Shutting down and abandoning module AnimationModifiers (34)
[2017.09.09-00.40.59:899][710]LogModuleManager: Shutting down and abandoning module PropertyEditor (33)
[2017.09.09-00.40.59:901][710]LogModuleManager: Shutting down and abandoning module AudioEditor (30)
[2017.09.09-00.40.59:902][710]LogModuleManager: Shutting down and abandoning module TextureCompressor (28)
[2017.09.09-00.40.59:903][710]LogModuleManager: Shutting down and abandoning module ShaderCore (26)
[2017.09.09-00.40.59:903][710]LogModuleManager: Shutting down and abandoning module Landscape (24)
[2017.09.09-00.40.59:904][710]LogModuleManager: Shutting down and abandoning module SlateRHIRenderer (22)
[2017.09.09-00.40.59:912][710]LogModuleManager: Shutting down and abandoning module OpenGLDrv (20)
[2017.09.09-00.40.59:913][710]LogModuleManager: Shutting down and abandoning module D3D11RHI (18)
[2017.09.09-00.40.59:913][710]LogModuleManager: Shutting down and abandoning module AnimGraphRuntime (16)
[2017.09.09-00.40.59:914][710]LogModuleManager: Shutting down and abandoning module Renderer (14)
[2017.09.09-00.40.59:914][710]LogModuleManager: Shutting down and abandoning module Engine (12)
[2017.09.09-00.40.59:914][710]LogModuleManager: Shutting down and abandoning module CoreUObject (10)
[2017.09.09-00.40.59:914][710]LogModuleManager: Shutting down and abandoning module NetworkFile (8)
[2017.09.09-00.40.59:915][710]LogModuleManager: Shutting down and abandoning module StreamingFile (6)
[2017.09.09-00.40.59:915][710]LogModuleManager: Shutting down and abandoning module SandboxFile (4)
[2017.09.09-00.40.59:915][710]LogModuleManager: Shutting down and abandoning module PakFile (2)
[2017.09.09-00.40.59:922][710]LogExit: Exiting.
[2017.09.09-00.40.59:944][710]Log file closed, 09/09/17 01:40:59
